#
# A fatal error has been detected by the Java Runtime Environment:
#
#  SIGSEGV (0xb) at pc=0x00007f5833b98997, pid=5232, tid=0x00007f57decb3700
#
# JRE version: Java(TM) SE Runtime Environment (8.0_191-b12) (build 1.8.0_191-b12)
# Java VM: Java HotSpot(TM) 64-Bit Server VM (25.191-b12 mixed mode linux-amd64 compressed oops)
# Problematic frame:
# V  [libjvm.so+0x6cc997]  jni_invoke_nonstatic(JNIEnv_*, JavaValue*, _jobject*, JNICallType, _jmethodID*, JNI_ArgumentPusher*, Thread*) [clone .constprop.109]+0x27
#
# Failed to write core dump. Core dumps have been disabled. To enable core dumping, try "ulimit -c unlimited" before starting Java again
#
# If you would like to submit a bug report, please visit:
#   http://bugreport.java.com/bugreport/crash.jsp
#

---------------  T H R E A D  ---------------

Current thread (0x00007f582c29a000):  JavaThread "JavaFX Application Thread" [_thread_in_vm, id=5251, stack(0x00007f57debb3000,0x00007f57decb4000)]

siginfo: si_signo: 11 (SIGSEGV), si_code: 1 (SEGV_MAPERR), si_addr: 0x0000000000000034

Registers:
RAX=0x00007f57decb24f0, RBX=0x00007f582c29a000, RCX=0x00007f582c1d4778, RDX=0x0000000000000034
RSP=0x00007f57decb2290, RBP=0x00007f57decb2400, RSI=0x00007f57decb2420, RDI=0x00007f582c29a1f8
R8 =0x00007f57decb2450, R9 =0x00007f582c29a000, R10=0x00007f57d0000ad0, R11=0x00007f581d6619c0
R12=0x00007f57decb2450, R13=0x00007f582c29a1f8, R14=0x00007f582c1d4778, R15=0x00007f582c29a000
RIP=0x00007f5833b98997, EFLAGS=0x0000000000010202, CSGSFS=0x002b000000000033, ERR=0x0000000000000004
  TRAPNO=0x000000000000000e

Top of Stack: (sp=0x00007f57decb2290)
0x00007f57decb2290:   00007f57decb2390 00007f57decb2350
0x00007f57decb22a0:   00007f57decb22c0 00007f582c29a1f8
0x00007f57decb22b0:   00007f57decb22e0 00007f582c2995c8
0x00007f57decb22c0:   00007f58313b2fa0 00007f582c29a000
0x00007f57decb22d0:   00007f58313b2fa0 00007f582c29a000
0x00007f57decb22e0:   00007f582c299530 00007f580004dde0
0x00007f57decb22f0:   00007f580004ddf0 00007f580004e1c8
0x00007f57decb2300:   00000000000003d8 00000000000000d8
0x00007f57decb2310:   00007f58313b2fa0 00007f582c29a000
0x00007f57decb2320:   000000002c29a000 00007f57d0000a30
0x00007f57decb2330:   0000000000000000 00000000ee9efd08
0x00007f57decb2340:   00007f58313b2fa0 00007f582c29a000
0x00007f57decb2350:   00007f57decb2960 00000000ee9efd98
0x00007f57decb2360:   00007ffd0000006f 00007f570000000a
0x00007f57decb2370:   00000000edc76e48 00007f5700000000
0x00007f57decb2380:   00007f57decb23e0 00007f57decb2420
0x00007f57decb2390:   00007f57decb2510 00000001000001a3
0x00007f57decb23a0:   000000005c1e2649 00007f57decb2358
0x00007f57decb23b0:   00007f57decb2399 0000000800000005
0x00007f57decb23c0:   00007f582c21a000 00007f582c2995c8
0x00007f57decb23d0:   00007f58313a8d78 00007f582c29a000
0x00007f57decb23e0:   00007f57decb2450 00007f582c29a1f8
0x00007f57decb23f0:   00007f582c1d4778 00007f57decb24d8
0x00007f57decb2400:   00007f57decb24c0 00007f5833b9ad8a
0x00007f57decb2410:   0000000000000000 0000000000000034
0x00007f57decb2420:   00007f580000000e 0000000000000000
0x00007f57decb2430:   00007f582c29a000 0000000000000000
0x00007f57decb2440:   0000000000000000 00007f57decb2640
0x00007f57decb2450:   00007f58343bade8 00007f5834f04870
0x00007f57decb2460:   000000000000000b 00007f5700000063
0x00007f57decb2470:   0000000000000000 0000003000000018
0x00007f57decb2480:   00007f57decb25b0 00007f57decb24f0 

Instructions: (pc=0x00007f5833b98997)
0x00007f5833b98977:   56 41 55 41 54 4d 89 cf 53 48 81 ec 48 01 00 00
0x00007f5833b98987:   48 85 d2 48 89 bd a8 fe ff ff 0f 84 11 02 00 00
0x00007f5833b98997:   48 8b 12 48 85 d2 0f 84 05 02 00 00 48 8d bd b8
0x00007f5833b989a7:   fe ff ff 48 89 cb 49 89 f5 4c 89 ce 4d 89 c4 e8 

Register to memory mapping:

RAX=0x00007f57decb24f0 is pointing into the stack for thread: 0x00007f582c29a000
RBX=0x00007f582c29a000 is a thread
RCX=0x00007f582c1d4778 is an unknown value
RDX=0x0000000000000034 is an unknown value
RSP=0x00007f57decb2290 is pointing into the stack for thread: 0x00007f582c29a000
RBP=0x00007f57decb2400 is pointing into the stack for thread: 0x00007f582c29a000
RSI=0x00007f57decb2420 is pointing into the stack for thread: 0x00007f582c29a000
RDI=0x00007f582c29a1f8 is an unknown value
R8 =0x00007f57decb2450 is pointing into the stack for thread: 0x00007f582c29a000
R9 =0x00007f582c29a000 is a thread
R10=0x00007f57d0000ad0 is an unknown value
R11=0x00007f581d6619c0 is at entry_point+32 in (nmethod*)0x00007f581d661850
R12=0x00007f57decb2450 is pointing into the stack for thread: 0x00007f582c29a000
R13=0x00007f582c29a1f8 is an unknown value
R14=0x00007f582c1d4778 is an unknown value
R15=0x00007f582c29a000 is a thread


Stack: [0x00007f57debb3000,0x00007f57decb4000],  sp=0x00007f57decb2290,  free space=1020k
Native frames: (J=compiled Java code, j=interpreted, Vv=VM code, C=native code)
V  [libjvm.so+0x6cc997]  jni_invoke_nonstatic(JNIEnv_*, JavaValue*, _jobject*, JNICallType, _jmethodID*, JNI_ArgumentPusher*, Thread*) [clone .constprop.109]+0x27
V  [libjvm.so+0x6ced8a]  jni_CallVoidMethodV+0xea
C  [libglass.so+0x1b121]  JNIEnv_::CallVoidMethod(_jobject*, _jmethodID*, ...)+0x81
C  [libglass.so+0x236bf]  WindowContextBase::process_key(_GdkEventKey*)+0x1ef
C  [libglass.so+0x21820]  WindowContextBase::im_filter_keypress(_GdkEventKey*)+0x1d0
C  [libglass.so+0x274cc]  process_events(_GdkEvent*, void*)+0x21c
C  [libgdk-x11-2.0.so.0+0x5acbc]

Java frames: (J=compiled Java code, j=interpreted, Vv=VM code)
j  com.sun.glass.ui.gtk.GtkApplication._runLoop(Ljava/lang/Runnable;Z)V+0
j  com.sun.glass.ui.gtk.GtkApplication.lambda$null$48(Ljava/lang/Runnable;Z)V+7
j  com.sun.glass.ui.gtk.GtkApplication$$Lambda$41.run()V+12
j  java.lang.Thread.run()V+11
v  ~StubRoutines::call_stub

---------------  P R O C E S S  ---------------

Java Threads: ( => current thread )
  0x00007f57d02a1000 JavaThread "Prism Font Disposer" daemon [_thread_blocked, id=5253, stack(0x00007f57dda87000,0x00007f57ddb88000)]
  0x00007f582c29d800 JavaThread "JavaFX-Launcher" [_thread_blocked, id=5252, stack(0x00007f57deab2000,0x00007f57debb3000)]
=>0x00007f582c29a000 JavaThread "JavaFX Application Thread" [_thread_in_vm, id=5251, stack(0x00007f57debb3000,0x00007f57decb4000)]
  0x00007f582c295800 JavaThread "Thread-1" daemon [_thread_blocked, id=5250, stack(0x00007f57decb4000,0x00007f57dedb5000)]
  0x00007f582c1bb000 JavaThread "QuantumRenderer-0" daemon [_thread_blocked, id=5248, stack(0x00007f581abe7000,0x00007f581ace8000)]
  0x00007f582c0bb000 JavaThread "Service Thread" daemon [_thread_blocked, id=5246, stack(0x00007f581ae91000,0x00007f581af92000)]
  0x00007f582c0b8000 JavaThread "C1 CompilerThread1" daemon [_thread_blocked, id=5245, stack(0x00007f581af92000,0x00007f581b093000)]
  0x00007f582c0b5000 JavaThread "C2 CompilerThread0" daemon [_thread_blocked, id=5244, stack(0x00007f581b093000,0x00007f581b194000)]
  0x00007f582c0b3800 JavaThread "Signal Dispatcher" daemon [_thread_blocked, id=5243, stack(0x00007f581b194000,0x00007f581b295000)]
  0x00007f582c081000 JavaThread "Finalizer" daemon [_thread_blocked, id=5242, stack(0x00007f5830003000,0x00007f5830104000)]
  0x00007f582c07e000 JavaThread "Reference Handler" daemon [_thread_blocked, id=5241, stack(0x00007f5830104000,0x00007f5830205000)]
  0x00007f582c00a800 JavaThread "main" [_thread_blocked, id=5234, stack(0x00007f5834f81000,0x00007f5835082000)]

Other Threads:
  0x00007f582c074800 VMThread [stack: 0x00007f5830205000,0x00007f5830306000] [id=5240]
  0x00007f582c0bf800 WatcherThread [stack: 0x00007f581ad90000,0x00007f581ae91000] [id=5247]

VM state:not at safepoint (normal execution)

VM Mutex/Monitor currently owned by a thread: None

Heap:
 PSYoungGen      total 16896K, used 14612K [0x00000000ed780000, 0x00000000ef880000, 0x0000000100000000)
  eden space 14848K, 84% used [0x00000000ed780000,0x00000000ee3cd348,0x00000000ee600000)
  from space 2048K, 98% used [0x00000000ee800000,0x00000000ee9f8020,0x00000000eea00000)
  to   space 2048K, 0% used [0x00000000ee600000,0x00000000ee600000,0x00000000ee800000)
 ParOldGen       total 38400K, used 2823K [0x00000000c8600000, 0x00000000cab80000, 0x00000000ed780000)
  object space 38400K, 7% used [0x00000000c8600000,0x00000000c88c1e00,0x00000000cab80000)
 Metaspace       used 18118K, capacity 19304K, committed 19584K, reserved 1067008K
  class space    used 2628K, capacity 2884K, committed 2944K, reserved 1048576K

Card table byte_map: [0x00007f5831baa000,0x00007f5831d68000] byte_map_base: 0x00007f5831567000

Marking Bits: (ParMarkBitMap*) 0x00007f5834492d40
 Begin Bits: [0x00007f581b430000, 0x00007f581c218000)
 End Bits:   [0x00007f581c218000, 0x00007f581d000000)

Polling page: 0x00007f58350a7000

CodeCache: size=245760Kb used=7008Kb max_used=7008Kb free=238751Kb
 bounds [0x00007f581d000000, 0x00007f581d6e0000, 0x00007f582c000000]
 total_blobs=2943 nmethods=2294 adapters=563
 compilation: enabled

Compilation events (10 events):
Event: 33.714 Thread 0x00007f582c0b8000 2295       3       com.sun.javafx.collections.ObservableListWrapper::clear (85 bytes)
Event: 33.717 Thread 0x00007f582c0b8000 nmethod 2295 0x00007f581d6d6710 code [0x00007f581d6d6940, 0x00007f581d6d78f8]
Event: 33.718 Thread 0x00007f582c0b8000 2296       3       com.sun.javafx.geom.Path2D$TxIterator::currentSegment (45 bytes)
Event: 33.720 Thread 0x00007f582c0b8000 nmethod 2296 0x00007f581d6d7dd0 code [0x00007f581d6d7f60, 0x00007f581d6d8268]
Event: 33.720 Thread 0x00007f582c0b8000 2297       3       com.sun.javafx.geom.Path2D$Iterator::next (35 bytes)
Event: 33.721 Thread 0x00007f582c0b8000 nmethod 2297 0x00007f581d6d8450 code [0x00007f581d6d85c0, 0x00007f581d6d8790]
Event: 33.724 Thread 0x00007f582c0b8000 2298       3       com.sun.javafx.util.WeakReferenceQueue::cleanup (33 bytes)
Event: 33.726 Thread 0x00007f582c0b8000 nmethod 2298 0x00007f581d6d8910 code [0x00007f581d6d8ac0, 0x00007f581d6d9188]
Event: 33.727 Thread 0x00007f582c0b8000 2299   !   3       javafx.collections.ModifiableObservableListBase::setAll (30 bytes)
Event: 33.729 Thread 0x00007f582c0b8000 nmethod 2299 0x00007f581d6d9410 code [0x00007f581d6d9620, 0x00007f581d6da3d8]

GC Heap History (4 events):
Event: 4.816 GC heap before
{Heap before GC invocations=1 (full 0):
 PSYoungGen      total 16896K, used 14848K [0x00000000ed780000, 0x00000000eea00000, 0x0000000100000000)
  eden space 14848K, 100% used [0x00000000ed780000,0x00000000ee600000,0x00000000ee600000)
  from space 2048K, 0% used [0x00000000ee800000,0x00000000ee800000,0x00000000eea00000)
  to   space 2048K, 0% used [0x00000000ee600000,0x00000000ee600000,0x00000000ee800000)
 ParOldGen       total 38400K, used 0K [0x00000000c8600000, 0x00000000cab80000, 0x00000000ed780000)
  object space 38400K, 0% used [0x00000000c8600000,0x00000000c8600000,0x00000000cab80000)
 Metaspace       used 9673K, capacity 10048K, committed 10368K, reserved 1058816K
  class space    used 1224K, capacity 1340K, committed 1408K, reserved 1048576K
Event: 4.840 GC heap after
Heap after GC invocations=1 (full 0):
 PSYoungGen      total 16896K, used 2016K [0x00000000ed780000, 0x00000000eea00000, 0x0000000100000000)
  eden space 14848K, 0% used [0x00000000ed780000,0x00000000ed780000,0x00000000ee600000)
  from space 2048K, 98% used [0x00000000ee600000,0x00000000ee7f8020,0x00000000ee800000)
  to   space 2048K, 0% used [0x00000000ee800000,0x00000000ee800000,0x00000000eea00000)
 ParOldGen       total 38400K, used 1008K [0x00000000c8600000, 0x00000000cab80000, 0x00000000ed780000)
  object space 38400K, 2% used [0x00000000c8600000,0x00000000c86fc000,0x00000000cab80000)
 Metaspace       used 9673K, capacity 10048K, committed 10368K, reserved 1058816K
  class space    used 1224K, capacity 1340K, committed 1408K, reserved 1048576K
}
Event: 7.309 GC heap before
{Heap before GC invocations=2 (full 0):
 PSYoungGen      total 16896K, used 16864K [0x00000000ed780000, 0x00000000eea00000, 0x0000000100000000)
  eden space 14848K, 100% used [0x00000000ed780000,0x00000000ee600000,0x00000000ee600000)
  from space 2048K, 98% used [0x00000000ee600000,0x00000000ee7f8020,0x00000000ee800000)
  to   space 2048K, 0% used [0x00000000ee800000,0x00000000ee800000,0x00000000eea00000)
 ParOldGen       total 38400K, used 1008K [0x00000000c8600000, 0x00000000cab80000, 0x00000000ed780000)
  object space 38400K, 2% used [0x00000000c8600000,0x00000000c86fc000,0x00000000cab80000)
 Metaspace       used 14996K, capacity 15660K, committed 15744K, reserved 1062912K
  class space    used 2245K, capacity 2376K, committed 2432K, reserved 1048576K
Event: 7.361 GC heap after
Heap after GC invocations=2 (full 0):
 PSYoungGen      total 16896K, used 2016K [0x00000000ed780000, 0x00000000ef880000, 0x0000000100000000)
  eden space 14848K, 0% used [0x00000000ed780000,0x00000000ed780000,0x00000000ee600000)
  from space 2048K, 98% used [0x00000000ee800000,0x00000000ee9f8020,0x00000000eea00000)
  to   space 2048K, 0% used [0x00000000ee600000,0x00000000ee600000,0x00000000ee800000)
 ParOldGen       total 38400K, used 2823K [0x00000000c8600000, 0x00000000cab80000, 0x00000000ed780000)
  object space 38400K, 7% used [0x00000000c8600000,0x00000000c88c1e00,0x00000000cab80000)
 Metaspace       used 14996K, capacity 15660K, committed 15744K, reserved 1062912K
  class space    used 2245K, capacity 2376K, committed 2432K, reserved 1048576K
}

Deoptimization events (10 events):
Event: 7.020 Thread 0x00007f582c29a000 Uncommon trap: reason=unstable_if action=reinterpret pc=0x00007f581d1a3d4c method=java.lang.String.startsWith(Ljava/lang/String;I)Z @ 25
Event: 8.723 Thread 0x00007f582c29a000 Uncommon trap: reason=unstable_if action=reinterpret pc=0x00007f581d3421a4 method=jdk.internal.org.objectweb.asm.Type.getArgumentsAndReturnSizes(Ljava/lang/String;)I @ 47
Event: 15.672 Thread 0x00007f582c29a000 Uncommon trap: reason=unstable_if action=reinterpret pc=0x00007f581d235e60 method=java.lang.CharacterData.of(I)Ljava/lang/CharacterData; @ 4
Event: 17.288 Thread 0x00007f582c29a000 Uncommon trap: reason=unstable_if action=reinterpret pc=0x00007f581d37fa88 method=com.sun.javafx.css.BitSet.add(Ljava/lang/Object;)Z @ 91
Event: 17.364 Thread 0x00007f582c29a000 Uncommon trap: reason=unstable_if action=reinterpret pc=0x00007f581d3ef844 method=java.lang.StrictMath.floorOrCeil(DDDD)D @ 38
Event: 17.533 Thread 0x00007f582c29a000 Uncommon trap: reason=array_check action=maybe_recompile pc=0x00007f581d59b4b0 method=com.sun.javafx.css.SimpleSelector.applies(Ljavafx/css/Styleable;[Ljava/util/Set;I)Z @ 37
Event: 17.533 Thread 0x00007f582c29a000 Uncommon trap: reason=array_check action=maybe_recompile pc=0x00007f581d59b4b0 method=com.sun.javafx.css.SimpleSelector.applies(Ljavafx/css/Styleable;[Ljava/util/Set;I)Z @ 37
Event: 17.533 Thread 0x00007f582c29a000 Uncommon trap: reason=array_check action=maybe_recompile pc=0x00007f581d59b4b0 method=com.sun.javafx.css.SimpleSelector.applies(Ljavafx/css/Styleable;[Ljava/util/Set;I)Z @ 37
Event: 17.533 Thread 0x00007f582c29a000 Uncommon trap: reason=array_check action=maybe_recompile pc=0x00007f581d59b4b0 method=com.sun.javafx.css.SimpleSelector.applies(Ljavafx/css/Styleable;[Ljava/util/Set;I)Z @ 37
Event: 18.495 Thread 0x00007f582c1bb000 Uncommon trap: reason=unstable_if action=reinterpret pc=0x00007f581d50e188 method=java.lang.StrictMath.floorOrCeil(DDDD)D @ 38

Classes redefined (0 events):
No events

Internal exceptions (10 events):
Event: 0.895 Thread 0x00007f582c00a800 Exception <a 'java/lang/NoSuchFieldError': method resolution failed> (0x00000000ed93e1c0) thrown at [/HUDSON/workspace/8-2-build-linux-amd64/jdk8u191/11894/hotspot/src/share/vm/prims/methodHandles.cpp, line 1167]
Event: 0.938 Thread 0x00007f582c00a800 Exception <a 'java/lang/NoSuchFieldError': method resolution failed> (0x00000000ed94b540) thrown at [/HUDSON/workspace/8-2-build-linux-amd64/jdk8u191/11894/hotspot/src/share/vm/prims/methodHandles.cpp, line 1167]
Event: 1.231 Thread 0x00007f582c00a800 Exception <a 'java/security/PrivilegedActionException'> (0x00000000ed9d7398) thrown at [/HUDSON/workspace/8-2-build-linux-amd64/jdk8u191/11894/hotspot/src/share/vm/prims/jvm.cpp, line 1435]
Event: 1.231 Thread 0x00007f582c00a800 Exception <a 'java/security/PrivilegedActionException'> (0x00000000ed9d75a8) thrown at [/HUDSON/workspace/8-2-build-linux-amd64/jdk8u191/11894/hotspot/src/share/vm/prims/jvm.cpp, line 1435]
Event: 1.236 Thread 0x00007f582c00a800 Exception <a 'java/security/PrivilegedActionException'> (0x00000000ed9da298) thrown at [/HUDSON/workspace/8-2-build-linux-amd64/jdk8u191/11894/hotspot/src/share/vm/prims/jvm.cpp, line 1435]
Event: 1.237 Thread 0x00007f582c00a800 Exception <a 'java/security/PrivilegedActionException'> (0x00000000ed9da4a8) thrown at [/HUDSON/workspace/8-2-build-linux-amd64/jdk8u191/11894/hotspot/src/share/vm/prims/jvm.cpp, line 1435]
Event: 1.237 Thread 0x00007f582c00a800 Exception <a 'java/lang/NullPointerException'> (0x00000000ed9daa80) thrown at [/HUDSON/workspace/8-2-build-linux-amd64/jdk8u191/11894/hotspot/src/share/vm/interpreter/linkResolver.cpp, line 1185]
Event: 4.451 Thread 0x00007f582c29a000 Exception <a 'java/lang/NullPointerException'> (0x00000000ee3a9a28) thrown at [/HUDSON/workspace/8-2-build-linux-amd64/jdk8u191/11894/hotspot/src/share/vm/interpreter/linkResolver.cpp, line 1185]
Event: 4.451 Thread 0x00007f582c29a000 Exception <a 'java/lang/NullPointerException'> (0x00000000ee3a9a28) thrown at [/HUDSON/workspace/8-2-build-linux-amd64/jdk8u191/11894/hotspot/src/share/vm/prims/jvm.cpp, line 1439]
Event: 5.425 Thread 0x00007f582c29a000 Implicit null exception at 0x00007f581d2b58f5 to 0x00007f581d2b5b1d

Events (10 events):
Event: 18.515 Executing VM operation: RevokeBias
Event: 18.516 Executing VM operation: RevokeBias done
Event: 30.236 loading class com/sun/prism/GraphicsResource
Event: 30.236 loading class com/sun/prism/GraphicsResource done
Event: 30.236 loading class com/sun/prism/GraphicsResource
Event: 30.236 loading class com/sun/prism/GraphicsResource done
Event: 33.732 Thread 0x00007f582c29a000 DEOPT PACKING pc=0x00007f581d49ab94 sp=0x00007f57decb0de0
Event: 33.732 Thread 0x00007f582c29a000 DEOPT UNPACKING pc=0x00007f581d047384 sp=0x00007f57decb0b18 mode 0
Event: 33.732 loading class com/sun/javafx/scene/KeyboardShortcutsHandler$1
Event: 33.732 loading class com/sun/javafx/scene/KeyboardShortcutsHandler$1 done


Dynamic libraries:
00400000-00401000 r-xp 00000000 08:03 4070759                            /home/aggrey/jdk-8u191-linux-x64(1)/jdk1.8.0_191/bin/java
00600000-00601000 r--p 00000000 08:03 4070759                            /home/aggrey/jdk-8u191-linux-x64(1)/jdk1.8.0_191/bin/java
00601000-00602000 rw-p 00001000 08:03 4070759                            /home/aggrey/jdk-8u191-linux-x64(1)/jdk1.8.0_191/bin/java
00d80000-00da1000 rw-p 00000000 00:00 0                                  [heap]
c8600000-cab80000 rw-p 00000000 00:00 0 
cab80000-ed780000 ---p 00000000 00:00 0 
ed780000-ef880000 rw-p 00000000 00:00 0 
ef880000-100000000 ---p 00000000 00:00 0 
100000000-1002e0000 rw-p 00000000 00:00 0 
1002e0000-140000000 ---p 00000000 00:00 0 
7f57d0000000-7f57d066e000 rw-p 00000000 00:00 0 
7f57d066e000-7f57d4000000 ---p 00000000 00:00 0 
7f57d4000000-7f57d4021000 rw-p 00000000 00:00 0 
7f57d4021000-7f57d8000000 ---p 00000000 00:00 0 
7f57d8000000-7f57d8021000 rw-p 00000000 00:00 0 
7f57d8021000-7f57dc000000 ---p 00000000 00:00 0 
7f57dd1c3000-7f57dd203000 rw-p 00000000 00:00 0 
7f57dd203000-7f57dd3c3000 ---p 00000000 00:00 0 
7f57dd3c3000-7f57dd5c3000 rw-p 00000000 00:00 0 
7f57dd5c3000-7f57dd643000 rw-s 00000000 00:05 225640457                  /SYSV00000000 (deleted)
7f57dd643000-7f57dd653000 rw-s 1222e5000 00:06 10929                     /dev/dri/card0
7f57dd653000-7f57dd654000 rw-s 121ec1000 00:06 10929                     /dev/dri/card0
7f57dd65e000-7f57dd65f000 rw-s 123250000 00:06 10929                     /dev/dri/card0
7f57dd664000-7f57dd674000 rw-s 11a9bf000 00:06 10929                     /dev/dri/card0
7f57dd674000-7f57dd774000 rw-s 11f88d000 00:06 10929                     /dev/dri/card0
7f57dd774000-7f57dd874000 rw-s 11f6fe000 00:06 10929                     /dev/dri/card0
7f57dd874000-7f57dd887000 r--s 00345000 08:03 4072298                    /home/aggrey/jdk-8u191-linux-x64(1)/jdk1.8.0_191/jre/lib/resources.jar
7f57dd887000-7f57dda87000 rw-p 00000000 00:00 0 
7f57dda87000-7f57dda8a000 ---p 00000000 00:00 0 
7f57dda8a000-7f57ddb88000 rw-p 00000000 00:00 0 
7f57ddb88000-7f57ddc41000 r--p 00000000 08:03 5112027                    /usr/share/fonts/truetype/dejavu/DejaVuSans.ttf
7f57ddc41000-7f57ddc96000 r--p 00000000 08:03 4072191                    /home/aggrey/jdk-8u191-linux-x64(1)/jdk1.8.0_191/jre/lib/fonts/LucidaBrightRegular.ttf
7f57ddc96000-7f57ddd41000 r--p 00000000 08:03 4072190                    /home/aggrey/jdk-8u191-linux-x64(1)/jdk1.8.0_191/jre/lib/fonts/LucidaSansRegular.ttf
7f57ddd41000-7f57ddd54000 r--p 00000000 08:03 4072194                    /home/aggrey/jdk-8u191-linux-x64(1)/jdk1.8.0_191/jre/lib/fonts/LucidaBrightDemiItalic.ttf
7f57ddd54000-7f57ddd68000 r--p 00000000 08:03 4072189                    /home/aggrey/jdk-8u191-linux-x64(1)/jdk1.8.0_191/jre/lib/fonts/LucidaBrightItalic.ttf
7f57ddd68000-7f57dddb6000 r--p 00000000 08:03 4072192                    /home/aggrey/jdk-8u191-linux-x64(1)/jdk1.8.0_191/jre/lib/fonts/LucidaSansDemiBold.ttf
7f57dddb6000-7f57dddba000 r-xp 00000000 08:03 4072427                    /home/aggrey/jdk-8u191-linux-x64(1)/jdk1.8.0_191/jre/lib/amd64/libjavafx_font_pango.so
7f57dddba000-7f57ddfb9000 ---p 00004000 08:03 4072427                    /home/aggrey/jdk-8u191-linux-x64(1)/jdk1.8.0_191/jre/lib/amd64/libjavafx_font_pango.so
7f57ddfb9000-7f57ddfba000 r--p 00003000 08:03 4072427                    /home/aggrey/jdk-8u191-linux-x64(1)/jdk1.8.0_191/jre/lib/amd64/libjavafx_font_pango.so
7f57ddfba000-7f57ddfbb000 rw-p 00004000 08:03 4072427                    /home/aggrey/jdk-8u191-linux-x64(1)/jdk1.8.0_191/jre/lib/amd64/libjavafx_font_pango.so
7f57ddfbb000-7f57de1bb000 rw-p 00000000 00:00 0 
7f57de1bb000-7f57de1c0000 r-xp 00000000 08:03 4072430                    /home/aggrey/jdk-8u191-linux-x64(1)/jdk1.8.0_191/jre/lib/amd64/libjavafx_font_freetype.so
7f57de1c0000-7f57de3bf000 ---p 00005000 08:03 4072430                    /home/aggrey/jdk-8u191-linux-x64(1)/jdk1.8.0_191/jre/lib/amd64/libjavafx_font_freetype.so
7f57de3bf000-7f57de3c0000 r--p 00004000 08:03 4072430                    /home/aggrey/jdk-8u191-linux-x64(1)/jdk1.8.0_191/jre/lib/amd64/libjavafx_font_freetype.so
7f57de3c0000-7f57de3c1000 rw-p 00005000 08:03 4072430                    /home/aggrey/jdk-8u191-linux-x64(1)/jdk1.8.0_191/jre/lib/amd64/libjavafx_font_freetype.so
7f57de3c1000-7f57de3c4000 r-xp 00000000 08:03 4072478                    /home/aggrey/jdk-8u191-linux-x64(1)/jdk1.8.0_191/jre/lib/amd64/libjavafx_font.so
7f57de3c4000-7f57de5c3000 ---p 00003000 08:03 4072478                    /home/aggrey/jdk-8u191-linux-x64(1)/jdk1.8.0_191/jre/lib/amd64/libjavafx_font.so
7f57de5c3000-7f57de5c4000 r--p 00002000 08:03 4072478                    /home/aggrey/jdk-8u191-linux-x64(1)/jdk1.8.0_191/jre/lib/amd64/libjavafx_font.so
7f57de5c4000-7f57de5c5000 rw-p 00003000 08:03 4072478                    /home/aggrey/jdk-8u191-linux-x64(1)/jdk1.8.0_191/jre/lib/amd64/libjavafx_font.so
7f57de5c5000-7f57de7c5000 rw-p 00000000 00:00 0 
7f57de7c5000-7f57de8ad000 r-xp 00000000 08:03 4194325                    /tmp/sqlite-3.23.1-b7952f2f-8c1c-4670-b787-e985be95b290-libsqlitejdbc.so
7f57de8ad000-7f57deaac000 ---p 000e8000 08:03 4194325                    /tmp/sqlite-3.23.1-b7952f2f-8c1c-4670-b787-e985be95b290-libsqlitejdbc.so
7f57deaac000-7f57deab1000 rw-p 000e7000 08:03 4194325                    /tmp/sqlite-3.23.1-b7952f2f-8c1c-4670-b787-e985be95b290-libsqlitejdbc.so
7f57deab1000-7f57deab2000 rw-p 00000000 00:00 0 
7f57deab2000-7f57deab5000 ---p 00000000 00:00 0 
7f57deab5000-7f57debb3000 rw-p 00000000 00:00 0 
7f57debb3000-7f57debb6000 ---p 00000000 00:00 0 
7f57debb6000-7f57decb4000 rw-p 00000000 00:00 0 
7f57decb4000-7f57decb7000 ---p 00000000 00:00 0 
7f57decb7000-7f57dedb5000 rw-p 00000000 00:00 0 
7f57dedb5000-7f57dedbc000 r-xp 00000000 08:03 4596385                    /usr/lib/x86_64-linux-gnu/libogg.so.0.8.2
7f57dedbc000-7f57defbc000 ---p 00007000 08:03 4596385                    /usr/lib/x86_64-linux-gnu/libogg.so.0.8.2
7f57defbc000-7f57defbd000 r--p 00007000 08:03 4596385                    /usr/lib/x86_64-linux-gnu/libogg.so.0.8.2
7f57defbd000-7f57defbe000 rw-p 00008000 08:03 4596385                    /usr/lib/x86_64-linux-gnu/libogg.so.0.8.2
7f57defbe000-7f57defe8000 r-xp 00000000 08:03 4598209                    /usr/lib/x86_64-linux-gnu/libvorbis.so.0.4.8
7f57defe8000-7f57df1e8000 ---p 0002a000 08:03 4598209                    /usr/lib/x86_64-linux-gnu/libvorbis.so.0.4.8
7f57df1e8000-7f57df1e9000 r--p 0002a000 08:03 4598209                    /usr/lib/x86_64-linux-gnu/libvorbis.so.0.4.8
7f57df1e9000-7f57df1ea000 rw-p 0002b000 08:03 4598209                    /usr/lib/x86_64-linux-gnu/libvorbis.so.0.4.8
7f57df1ea000-7f57df1f3000 r-xp 00000000 08:03 4596071                    /usr/lib/x86_64-linux-gnu/libltdl.so.7.3.1
7f57df1f3000-7f57df3f2000 ---p 00009000 08:03 4596071                    /usr/lib/x86_64-linux-gnu/libltdl.so.7.3.1
7f57df3f2000-7f57df3f3000 r--p 00008000 08:03 4596071                    /usr/lib/x86_64-linux-gnu/libltdl.so.7.3.1
7f57df3f3000-7f57df3f4000 rw-p 00009000 08:03 4596071                    /usr/lib/x86_64-linux-gnu/libltdl.so.7.3.1
7f57df3f4000-7f57df409000 r-xp 00000000 08:03 4598437                    /usr/lib/x86_64-linux-gnu/libtdb.so.1.3.11
7f57df409000-7f57df608000 ---p 00015000 08:03 4598437                    /usr/lib/x86_64-linux-gnu/libtdb.so.1.3.11
7f57df608000-7f57df609000 r--p 00014000 08:03 4598437                    /usr/lib/x86_64-linux-gnu/libtdb.so.1.3.11
7f57df609000-7f57df60a000 rw-p 00015000 08:03 4598437                    /usr/lib/x86_64-linux-gnu/libtdb.so.1.3.11
7f57df60a000-7f57df612000 r-xp 00000000 08:03 4599623                    /usr/lib/x86_64-linux-gnu/libvorbisfile.so.3.3.7
7f57df612000-7f57df811000 ---p 00008000 08:03 4599623                    /usr/lib/x86_64-linux-gnu/libvorbisfile.so.3.3.7
7f57df811000-7f57df812000 r--p 00007000 08:03 4599623                    /usr/lib/x86_64-linux-gnu/libvorbisfile.so.3.3.7
7f57df812000-7f57df813000 rw-p 00008000 08:03 4599623                    /usr/lib/x86_64-linux-gnu/libvorbisfile.so.3.3.7
7f57df813000-7f57df824000 r-xp 00000000 08:03 4599625                    /usr/lib/x86_64-linux-gnu/libcanberra.so.0.2.5
7f57df824000-7f57dfa23000 ---p 00011000 08:03 4599625                    /usr/lib/x86_64-linux-gnu/libcanberra.so.0.2.5
7f57dfa23000-7f57dfa24000 r--p 00010000 08:03 4599625                    /usr/lib/x86_64-linux-gnu/libcanberra.so.0.2.5
7f57dfa24000-7f57dfa25000 rw-p 00011000 08:03 4599625                    /usr/lib/x86_64-linux-gnu/libcanberra.so.0.2.5
7f57dfa25000-7f57dfa29000 r-xp 00000000 08:03 4615526                    /usr/lib/x86_64-linux-gnu/libcanberra-gtk.so.0.1.9
7f57dfa29000-7f57dfc28000 ---p 00004000 08:03 4615526                    /usr/lib/x86_64-linux-gnu/libcanberra-gtk.so.0.1.9
7f57dfc28000-7f57dfc29000 r--p 00003000 08:03 4615526                    /usr/lib/x86_64-linux-gnu/libcanberra-gtk.so.0.1.9
7f57dfc29000-7f57dfc2a000 rw-p 00004000 08:03 4615526                    /usr/lib/x86_64-linux-gnu/libcanberra-gtk.so.0.1.9
7f57dfc2a000-7f57dfc2f000 r-xp 00000000 08:03 4981931                    /usr/lib/x86_64-linux-gnu/gtk-2.0/modules/libcanberra-gtk-module.so
7f57dfc2f000-7f57dfe2e000 ---p 00005000 08:03 4981931                    /usr/lib/x86_64-linux-gnu/gtk-2.0/modules/libcanberra-gtk-module.so
7f57dfe2e000-7f57dfe2f000 r--p 00004000 08:03 4981931                    /usr/lib/x86_64-linux-gnu/gtk-2.0/modules/libcanberra-gtk-module.so
7f57dfe2f000-7f57dfe30000 rw-p 00005000 08:03 4981931                    /usr/lib/x86_64-linux-gnu/gtk-2.0/modules/libcanberra-gtk-module.so
7f57dfe30000-7f57dfe32000 r-xp 00000000 08:03 4606365                    /usr/lib/x86_64-linux-gnu/gtk-2.0/2.10.0/engines/libadwaita.so
7f57dfe32000-7f57e0032000 ---p 00002000 08:03 4606365                    /usr/lib/x86_64-linux-gnu/gtk-2.0/2.10.0/engines/libadwaita.so
7f57e0032000-7f57e0033000 r--p 00002000 08:03 4606365                    /usr/lib/x86_64-linux-gnu/gtk-2.0/2.10.0/engines/libadwaita.so
7f57e0033000-7f57e0034000 rw-p 00003000 08:03 4606365                    /usr/lib/x86_64-linux-gnu/gtk-2.0/2.10.0/engines/libadwaita.so
7f57e0034000-7f57e003e000 r-xp 00000000 08:03 4610283                    /usr/lib/x86_64-linux-gnu/gtk-2.0/2.10.0/engines/libpixmap.so
7f57e003e000-7f57e023d000 ---p 0000a000 08:03 4610283                    /usr/lib/x86_64-linux-gnu/gtk-2.0/2.10.0/engines/libpixmap.so
7f57e023d000-7f57e023e000 r--p 00009000 08:03 4610283                    /usr/lib/x86_64-linux-gnu/gtk-2.0/2.10.0/engines/libpixmap.so
7f57e023e000-7f57e023f000 rw-p 0000a000 08:03 4610283                    /usr/lib/x86_64-linux-gnu/gtk-2.0/2.10.0/engines/libpixmap.so
7f57e023f000-7f57e0282000 r-xp 00000000 08:03 4072452                    /home/aggrey/jdk-8u191-linux-x64(1)/jdk1.8.0_191/jre/lib/amd64/libglass.so
7f57e0282000-7f57e0482000 ---p 00043000 08:03 4072452                    /home/aggrey/jdk-8u191-linux-x64(1)/jdk1.8.0_191/jre/lib/amd64/libglass.so
7f57e0482000-7f57e0484000 r--p 00043000 08:03 4072452                    /home/aggrey/jdk-8u191-linux-x64(1)/jdk1.8.0_191/jre/lib/amd64/libglass.so
7f57e0484000-7f57e0485000 rw-p 00045000 08:03 4072452                    /home/aggrey/jdk-8u191-linux-x64(1)/jdk1.8.0_191/jre/lib/amd64/libglass.so
7f57e0485000-7f57e0486000 rw-p 00000000 00:00 0 
7f57e0486000-7f57e04be000 r-xp 00000000 08:03 4612649                    /usr/lib/x86_64-linux-gnu/s2tc/libtxc_dxtn.so
7f57e04be000-7f57e06be000 ---p 00038000 08:03 4612649                    /usr/lib/x86_64-linux-gnu/s2tc/libtxc_dxtn.so
7f57e06be000-7f57e06bf000 r--p 00038000 08:03 4612649                    /usr/lib/x86_64-linux-gnu/s2tc/libtxc_dxtn.so
7f57e06bf000-7f57e06c0000 rw-p 00039000 08:03 4612649                    /usr/lib/x86_64-linux-gnu/s2tc/libtxc_dxtn.so
7f57e06c0000-7f57e06c1000 ---p 00000000 00:00 0 
7f57e06c1000-7f57e0ec1000 rw-p 00000000 00:00 0 
7f57e0ec1000-7f57e0ee3000 r-xp 00000000 08:03 4718852                    /lib/x86_64-linux-gnu/libncurses.so.5.9
7f57e0ee3000-7f57e10e2000 ---p 00022000 08:03 4718852                    /lib/x86_64-linux-gnu/libncurses.so.5.9
7f57e10e2000-7f57e10e3000 r--p 00021000 08:03 4718852                    /lib/x86_64-linux-gnu/libncurses.so.5.9
7f57e10e3000-7f57e10e4000 rw-p 00022000 08:03 4718852                    /lib/x86_64-linux-gnu/libncurses.so.5.9
7f57e10e4000-7f57e110a000 r-xp 00000000 08:03 4718685                    /lib/x86_64-linux-gnu/libtinfo.so.5.9
7f57e110a000-7f57e1309000 ---p 00026000 08:03 4718685                    /lib/x86_64-linux-gnu/libtinfo.so.5.9
7f57e1309000-7f57e130d000 r--p 00025000 08:03 4718685                    /lib/x86_64-linux-gnu/libtinfo.so.5.9
7f57e130d000-7f57e130e000 rw-p 00029000 08:03 4718685                    /lib/x86_64-linux-gnu/libtinfo.so.5.9
7f57e130e000-7f57e133f000 r-xp 00000000 08:03 4598835                    /usr/lib/x86_64-linux-gnu/libedit.so.2.0.55
7f57e133f000-7f57e153f000 ---p 00031000 08:03 4598835                    /usr/lib/x86_64-linux-gnu/libedit.so.2.0.55
7f57e153f000-7f57e1541000 r--p 00031000 08:03 4598835                    /usr/lib/x86_64-linux-gnu/libedit.so.2.0.55
7f57e1541000-7f57e1542000 rw-p 00033000 08:03 4598835                    /usr/lib/x86_64-linux-gnu/libedit.so.2.0.55
7f57e1542000-7f57e1546000 rw-p 00000000 00:00 0 
7f57e1546000-7f57e1559000 r-xp 00000000 08:03 4718663                    /lib/x86_64-linux-gnu/libgpg-error.so.0.21.0
7f57e1559000-7f57e1758000 ---p 00013000 08:03 4718663                    /lib/x86_64-linux-gnu/libgpg-error.so.0.21.0
7f57e1758000-7f57e1759000 r--p 00012000 08:03 4718663                    /lib/x86_64-linux-gnu/libgpg-error.so.0.21.0
7f57e1759000-7f57e175a000 rw-p 00013000 08:03 4718663                    /lib/x86_64-linux-gnu/libgpg-error.so.0.21.0
7f57e175a000-7f57e1770000 r-xp 00000000 08:03 4718596                    /lib/x86_64-linux-gnu/libgcc_s.so.1
7f57e1770000-7f57e196f000 ---p 00016000 08:03 4718596                    /lib/x86_64-linux-gnu/libgcc_s.so.1
7f57e196f000-7f57e1970000 r--p 00015000 08:03 4718596                    /lib/x86_64-linux-gnu/libgcc_s.so.1
7f57e1970000-7f57e1971000 rw-p 00016000 08:03 4718596                    /lib/x86_64-linux-gnu/libgcc_s.so.1
7f57e1971000-7f57e1ae3000 r-xp 00000000 08:03 4592831                    /usr/lib/x86_64-linux-gnu/libstdc++.so.6.0.22
7f57e1ae3000-7f57e1ce3000 ---p 00172000 08:03 4592831                    /usr/lib/x86_64-linux-gnu/libstdc++.so.6.0.22
7f57e1ce3000-7f57e1ced000 r--p 00172000 08:03 4592831                    /usr/lib/x86_64-linux-gnu/libstdc++.so.6.0.22
7f57e1ced000-7f57e1cef000 rw-p 0017c000 08:03 4592831                    /usr/lib/x86_64-linux-gnu/libstdc++.so.6.0.22
7f57e1cef000-7f57e1cf3000 rw-p 00000000 00:00 0 
7f57e1cf3000-7f57e45bb000 r-xp 00000000 08:03 4610897                    /usr/lib/x86_64-linux-gnu/libLLVM-3.9.so.1
7f57e45bb000-7f57e48aa000 r--p 028c7000 08:03 4610897                    /usr/lib/x86_64-linux-gnu/libLLVM-3.9.so.1
7f57e48aa000-7f57e48cf000 rw-p 02bb6000 08:03 4610897                    /usr/lib/x86_64-linux-gnu/libLLVM-3.9.so.1
7f57e48cf000-7f57e4913000 rw-p 00000000 00:00 0 
7f57e4913000-7f57e492a000 r-xp 00000000 08:03 4592018                    /usr/lib/x86_64-linux-gnu/libelf-0.168.so
7f57e492a000-7f57e4b29000 ---p 00017000 08:03 4592018                    /usr/lib/x86_64-linux-gnu/libelf-0.168.so
7f57e4b29000-7f57e4b2a000 r--p 00016000 08:03 4592018                    /usr/lib/x86_64-linux-gnu/libelf-0.168.so
7f57e4b2a000-7f57e4b2b000 rw-p 00017000 08:03 4592018                    /usr/lib/x86_64-linux-gnu/libelf-0.168.so
7f57e4b2b000-7f57e4b34000 r-xp 00000000 08:03 4610796                    /usr/lib/x86_64-linux-gnu/libdrm_amdgpu.so.1.0.0
7f57e4b34000-7f57e4d33000 ---p 00009000 08:03 4610796                    /usr/lib/x86_64-linux-gnu/libdrm_amdgpu.so.1.0.0
7f57e4d33000-7f57e4d34000 r--p 00008000 08:03 4610796                    /usr/lib/x86_64-linux-gnu/libdrm_amdgpu.so.1.0.0
7f57e4d34000-7f57e4d35000 rw-p 00009000 08:03 4610796                    /usr/lib/x86_64-linux-gnu/libdrm_amdgpu.so.1.0.0
7f57e4d35000-7f57e4d40000 r-xp 00000000 08:03 4610801                    /usr/lib/x86_64-linux-gnu/libdrm_radeon.so.1.0.1
7f57e4d40000-7f57e4f3f000 ---p 0000b000 08:03 4610801                    /usr/lib/x86_64-linux-gnu/libdrm_radeon.so.1.0.1
7f57e4f3f000-7f57e4f40000 r--p 0000a000 08:03 4610801                    /usr/lib/x86_64-linux-gnu/libdrm_radeon.so.1.0.1
7f57e4f40000-7f57e4f41000 rw-p 0000b000 08:03 4610801                    /usr/lib/x86_64-linux-gnu/libdrm_radeon.so.1.0.1
7f57e4f41000-7f57e4f48000 r-xp 00000000 08:03 4610798                    /usr/lib/x86_64-linux-gnu/libdrm_nouveau.so.2.0.0
7f57e4f48000-7f57e5147000 ---p 00007000 08:03 4610798                    /usr/lib/x86_64-linux-gnu/libdrm_nouveau.so.2.0.0
7f57e5147000-7f57e5148000 r--p 00006000 08:03 4610798                    /usr/lib/x86_64-linux-gnu/libdrm_nouveau.so.2.0.0
7f57e5148000-7f57e5149000 rw-p 00007000 08:03 4610798                    /usr/lib/x86_64-linux-gnu/libdrm_nouveau.so.2.0.0
7f57e5149000-7f57e5157000 r-xp 00000000 08:03 4610285                    /usr/lib/x86_64-linux-gnu/libsensors.so.4.4.0
7f57e5157000-7f57e5356000 ---p 0000e000 08:03 4610285                    /usr/lib/x86_64-linux-gnu/libsensors.so.4.4.0
7f57e5356000-7f57e5357000 r--p 0000d000 08:03 4610285                    /usr/lib/x86_64-linux-gnu/libsensors.so.4.4.0
7f57e5357000-7f57e5358000 rw-p 0000e000 08:03 4610285                    /usr/lib/x86_64-linux-gnu/libsensors.so.4.4.0
7f57e5358000-7f57e545f000 r-xp 00000000 08:03 4718665                    /lib/x86_64-linux-gnu/libgcrypt.so.20.1.6
7f57e545f000-7f57e565f000 ---p 00107000 08:03 4718665                    /lib/x86_64-linux-gnu/libgcrypt.so.20.1.6
7f57e565f000-7f57e5661000 r--p 00107000 08:03 4718665                    /lib/x86_64-linux-gnu/libgcrypt.so.20.1.6
7f57e5661000-7f57e5668000 rw-p 00109000 08:03 4718665                    /lib/x86_64-linux-gnu/libgcrypt.so.20.1.6
7f57e5668000-7f57e5fa4000 r-xp 00000000 08:03 4610905                    /usr/lib/x86_64-linux-gnu/dri/r600_dri.so
7f57e5fa4000-7f57e61a3000 ---p 0093c000 08:03 4610905                    /usr/lib/x86_64-linux-gnu/dri/r600_dri.so
7f57e61a3000-7f57e61de000 r--p 0093b000 08:03 4610905                    /usr/lib/x86_64-linux-gnu/dri/r600_dri.so
7f57e61de000-7f57e61ea000 rw-p 00976000 08:03 4610905                    /usr/lib/x86_64-linux-gnu/dri/r600_dri.so
7f57e61ea000-7f57e63e1000 rw-p 00000000 00:00 0 
7f57e63e1000-7f57e63f4000 r-xp 00000000 08:03 4719459                    /lib/x86_64-linux-gnu/libbsd.so.0.8.3
7f57e63f4000-7f57e65f4000 ---p 00013000 08:03 4719459                    /lib/x86_64-linux-gnu/libbsd.so.0.8.3
7f57e65f4000-7f57e65f5000 r--p 00013000 08:03 4719459                    /lib/x86_64-linux-gnu/libbsd.so.0.8.3
7f57e65f5000-7f57e65f6000 rw-p 00014000 08:03 4719459                    /lib/x86_64-linux-gnu/libbsd.so.0.8.3
7f57e65f6000-7f57e65f7000 rw-p 00000000 00:00 0 
7f57e65f7000-7f57e65fb000 r-xp 00000000 08:03 4718691                    /lib/x86_64-linux-gnu/libuuid.so.1.3.0
7f57e65fb000-7f57e67fa000 ---p 00004000 08:03 4718691                    /lib/x86_64-linux-gnu/libuuid.so.1.3.0
7f57e67fa000-7f57e67fb000 r--p 00003000 08:03 4718691                    /lib/x86_64-linux-gnu/libuuid.so.1.3.0
7f57e67fb000-7f57e67fc000 rw-p 00004000 08:03 4718691                    /lib/x86_64-linux-gnu/libuuid.so.1.3.0
7f57e67fc000-7f57e6803000 r-xp 00000000 08:03 4595893                    /usr/lib/x86_64-linux-gnu/libdatrie.so.1.3.3
7f57e6803000-7f57e6a02000 ---p 00007000 08:03 4595893                    /usr/lib/x86_64-linux-gnu/libdatrie.so.1.3.3
7f57e6a02000-7f57e6a03000 r--p 00006000 08:03 4595893                    /usr/lib/x86_64-linux-gnu/libdatrie.so.1.3.3
7f57e6a03000-7f57e6a04000 rw-p 00007000 08:03 4595893                    /usr/lib/x86_64-linux-gnu/libdatrie.so.1.3.3
7f57e6a04000-7f57e6a09000 r-xp 00000000 08:03 4595340                    /usr/lib/x86_64-linux-gnu/libXdmcp.so.6.0.0
7f57e6a09000-7f57e6c08000 ---p 00005000 08:03 4595340                    /usr/lib/x86_64-linux-gnu/libXdmcp.so.6.0.0
7f57e6c08000-7f57e6c09000 r--p 00004000 08:03 4595340                    /usr/lib/x86_64-linux-gnu/libXdmcp.so.6.0.0
7f57e6c09000-7f57e6c0a000 rw-p 00005000 08:03 4595340                    /usr/lib/x86_64-linux-gnu/libXdmcp.so.6.0.0
7f57e6c0a000-7f57e6c0d000 r-xp 00000000 08:03 4595338                    /usr/lib/x86_64-linux-gnu/libXau.so.6.0.0
7f57e6c0d000-7f57e6e0c000 ---p 00003000 08:03 4595338                    /usr/lib/x86_64-linux-gnu/libXau.so.6.0.0
7f57e6e0c000-7f57e6e0d000 r--p 00002000 08:03 4595338                    /usr/lib/x86_64-linux-gnu/libXau.so.6.0.0
7f57e6e0d000-7f57e6e0e000 rw-p 00003000 08:03 4595338                    /usr/lib/x86_64-linux-gnu/libXau.so.6.0.0
7f57e6e0e000-7f57e6e39000 r-xp 00000000 08:03 4595899                    /usr/lib/x86_64-linux-gnu/libgraphite2.so.3.0.1
7f57e6e39000-7f57e7038000 ---p 0002b000 08:03 4595899                    /usr/lib/x86_64-linux-gnu/libgraphite2.so.3.0.1
7f57e7038000-7f57e703a000 r--p 0002a000 08:03 4595899                    /usr/lib/x86_64-linux-gnu/libgraphite2.so.3.0.1
7f57e703a000-7f57e703b000 rw-p 0002c000 08:03 4595899                    /usr/lib/x86_64-linux-gnu/libgraphite2.so.3.0.1
7f57e703b000-7f57e707c000 r-xp 00000000 08:03 4718674                    /lib/x86_64-linux-gnu/libblkid.so.1.1.0
7f57e707c000-7f57e727b000 ---p 00041000 08:03 4718674                    /lib/x86_64-linux-gnu/libblkid.so.1.1.0
7f57e727b000-7f57e727f000 r--p 00040000 08:03 4718674                    /lib/x86_64-linux-gnu/libblkid.so.1.1.0
7f57e727f000-7f57e7280000 rw-p 00044000 08:03 4718674                    /lib/x86_64-linux-gnu/libblkid.so.1.1.0
7f57e7280000-7f57e7281000 rw-p 00000000 00:00 0 
7f57e7281000-7f57e728f000 r-xp 00000000 08:03 4596427                    /usr/lib/x86_64-linux-gnu/libdrm.so.2.4.0
7f57e728f000-7f57e748f000 ---p 0000e000 08:03 4596427                    /usr/lib/x86_64-linux-gnu/libdrm.so.2.4.0
7f57e748f000-7f57e7490000 r--p 0000e000 08:03 4596427                    /usr/lib/x86_64-linux-gnu/libdrm.so.2.4.0
7f57e7490000-7f57e7491000 rw-p 0000f000 08:03 4596427                    /usr/lib/x86_64-linux-gnu/libdrm.so.2.4.0
7f57e7491000-7f57e7495000 r-xp 00000000 08:03 4596434                    /usr/lib/x86_64-linux-gnu/libxcb-dri2.so.0.0.0
7f57e7495000-7f57e7694000 ---p 00004000 08:03 4596434                    /usr/lib/x86_64-linux-gnu/libxcb-dri2.so.0.0.0
7f57e7694000-7f57e7695000 r--p 00003000 08:03 4596434                    /usr/lib/x86_64-linux-gnu/libxcb-dri2.so.0.0.0
7f57e7695000-7f57e7696000 rw-p 00004000 08:03 4596434                    /usr/lib/x86_64-linux-gnu/libxcb-dri2.so.0.0.0
7f57e7696000-7f57e76ae000 r-xp 00000000 08:03 4596438                    /usr/lib/x86_64-linux-gnu/libxcb-glx.so.0.0.0
7f57e76ae000-7f57e78ae000 ---p 00018000 08:03 4596438                    /usr/lib/x86_64-linux-gnu/libxcb-glx.so.0.0.0
7f57e78ae000-7f57e78b0000 r--p 00018000 08:03 4596438                    /usr/lib/x86_64-linux-gnu/libxcb-glx.so.0.0.0
7f57e78b0000-7f57e78b1000 rw-p 0001a000 08:03 4596438                    /usr/lib/x86_64-linux-gnu/libxcb-glx.so.0.0.0
7f57e78b1000-7f57e78b2000 r-xp 00000000 08:03 4596432                    /usr/lib/x86_64-linux-gnu/libX11-xcb.so.1.0.0
7f57e78b2000-7f57e7ab1000 ---p 00001000 08:03 4596432                    /usr/lib/x86_64-linux-gnu/libX11-xcb.so.1.0.0
7f57e7ab1000-7f57e7ab2000 r--p 00000000 08:03 4596432                    /usr/lib/x86_64-linux-gnu/libX11-xcb.so.1.0.0
7f57e7ab2000-7f57e7ab3000 rw-p 00001000 08:03 4596432                    /usr/lib/x86_64-linux-gnu/libX11-xcb.so.1.0.0
7f57e7ab3000-7f57e7add000 r-xp 00000000 08:03 4596429                    /usr/lib/x86_64-linux-gnu/libglapi.so.0.0.0
7f57e7add000-7f57e7cdc000 ---p 0002a000 08:03 4596429                    /usr/lib/x86_64-linux-gnu/libglapi.so.0.0.0
7f57e7cdc000-7f57e7ce0000 r--p 00029000 08:03 4596429                    /usr/lib/x86_64-linux-gnu/libglapi.so.0.0.0
7f57e7ce0000-7f57e7ce1000 rw-p 0002d000 08:03 4596429                    /usr/lib/x86_64-linux-gnu/libglapi.so.0.0.0
7f57e7ce1000-7f57e7ce2000 rw-p 00000000 00:00 0 
7f57e7ce2000-7f57e7ce3000 r-xp 00000000 08:03 4596448                    /usr/lib/x86_64-linux-gnu/libxshmfence.so.1.0.0
7f57e7ce3000-7f57e7ee2000 ---p 00001000 08:03 4596448                    /usr/lib/x86_64-linux-gnu/libxshmfence.so.1.0.0
7f57e7ee2000-7f57e7ee3000 r--p 00000000 08:03 4596448                    /usr/lib/x86_64-linux-gnu/libxshmfence.so.1.0.0
7f57e7ee3000-7f57e7ee4000 rw-p 00001000 08:03 4596448                    /usr/lib/x86_64-linux-gnu/libxshmfence.so.1.0.0
7f57e7ee4000-7f57e7eea000 r-xp 00000000 08:03 4596442                    /usr/lib/x86_64-linux-gnu/libxcb-sync.so.1.0.0
7f57e7eea000-7f57e80e9000 ---p 00006000 08:03 4596442                    /usr/lib/x86_64-linux-gnu/libxcb-sync.so.1.0.0
7f57e80e9000-7f57e80ea000 r--p 00005000 08:03 4596442                    /usr/lib/x86_64-linux-gnu/libxcb-sync.so.1.0.0
7f57e80ea000-7f57e80eb000 rw-p 00006000 08:03 4596442                    /usr/lib/x86_64-linux-gnu/libxcb-sync.so.1.0.0
7f57e80eb000-7f57e80ed000 r-xp 00000000 08:03 4596440                    /usr/lib/x86_64-linux-gnu/libxcb-present.so.0.0.0
7f57e80ed000-7f57e82ec000 ---p 00002000 08:03 4596440                    /usr/lib/x86_64-linux-gnu/libxcb-present.so.0.0.0
7f57e82ec000-7f57e82ed000 r--p 00001000 08:03 4596440                    /usr/lib/x86_64-linux-gnu/libxcb-present.so.0.0.0
7f57e82ed000-7f57e82ee000 rw-p 00002000 08:03 4596440                    /usr/lib/x86_64-linux-gnu/libxcb-present.so.0.0.0
7f57e82ee000-7f57e82f0000 r-xp 00000000 08:03 4596436                    /usr/lib/x86_64-linux-gnu/libxcb-dri3.so.0.0.0
7f57e82f0000-7f57e84ef000 ---p 00002000 08:03 4596436                    /usr/lib/x86_64-linux-gnu/libxcb-dri3.so.0.0.0
7f57e84ef000-7f57e84f0000 r--p 00001000 08:03 4596436                    /usr/lib/x86_64-linux-gnu/libxcb-dri3.so.0.0.0
7f57e84f0000-7f57e84f1000 rw-p 00002000 08:03 4596436                    /usr/lib/x86_64-linux-gnu/libxcb-dri3.so.0.0.0
7f57e84f1000-7f57e8563000 r-xp 00000000 08:03 4718644                    /lib/x86_64-linux-gnu/libpcre.so.3.13.3
7f57e8563000-7f57e8762000 ---p 00072000 08:03 4718644                    /lib/x86_64-linux-gnu/libpcre.so.3.13.3
7f57e8762000-7f57e8763000 r--p 00071000 08:03 4718644                    /lib/x86_64-linux-gnu/libpcre.so.3.13.3
7f57e8763000-7f57e8764000 rw-p 00072000 08:03 4718644                    /lib/x86_64-linux-gnu/libpcre.so.3.13.3
7f57e8764000-7f57e876b000 r-xp 00000000 08:03 4591944                    /usr/lib/x86_64-linux-gnu/libffi.so.6.0.4
7f57e876b000-7f57e896b000 ---p 00007000 08:03 4591944                    /usr/lib/x86_64-linux-gnu/libffi.so.6.0.4
7f57e896b000-7f57e896c000 r--p 00007000 08:03 4591944                    /usr/lib/x86_64-linux-gnu/libffi.so.6.0.4
7f57e896c000-7f57e896d000 rw-p 00008000 08:03 4591944                    /usr/lib/x86_64-linux-gnu/libffi.so.6.0.4
7f57e896d000-7f57e8994000 r-xp 00000000 08:03 4723204                    /lib/x86_64-linux-gnu/libexpat.so.1.6.2
7f57e8994000-7f57e8b94000 ---p 00027000 08:03 4723204                    /lib/x86_64-linux-gnu/libexpat.so.1.6.2
7f57e8b94000-7f57e8b96000 r--p 00027000 08:03 4723204                    /lib/x86_64-linux-gnu/libexpat.so.1.6.2
7f57e8b96000-7f57e8b97000 rw-p 00029000 08:03 4723204                    /lib/x86_64-linux-gnu/libexpat.so.1.6.2
7f57e8b97000-7f57e8b9f000 r-xp 00000000 08:03 4595895                    /usr/lib/x86_64-linux-gnu/libthai.so.0.3.0
7f57e8b9f000-7f57e8d9f000 ---p 00008000 08:03 4595895                    /usr/lib/x86_64-linux-gnu/libthai.so.0.3.0
7f57e8d9f000-7f57e8da0000 r--p 00008000 08:03 4595895                    /usr/lib/x86_64-linux-gnu/libthai.so.0.3.0
7f57e8da0000-7f57e8da1000 rw-p 00009000 08:03 4595895                    /usr/lib/x86_64-linux-gnu/libthai.so.0.3.0
7f57e8da1000-7f57e8dad000 r-xp 00000000 08:03 4595867                    /usr/lib/x86_64-linux-gnu/libxcb-render.so.0.0.0
7f57e8dad000-7f57e8fad000 ---p 0000c000 08:03 4595867                    /usr/lib/x86_64-linux-gnu/libxcb-render.so.0.0.0
7f57e8fad000-7f57e8fae000 r--p 0000c000 08:03 4595867                    /usr/lib/x86_64-linux-gnu/libxcb-render.so.0.0.0
7f57e8fae000-7f57e8faf000 rw-p 0000d000 08:03 4595867                    /usr/lib/x86_64-linux-gnu/libxcb-render.so.0.0.0
7f57e8faf000-7f57e8fd6000 r-xp 00000000 08:03 4595342                    /usr/lib/x86_64-linux-gnu/libxcb.so.1.1.0
7f57e8fd6000-7f57e91d5000 ---p 00027000 08:03 4595342                    /usr/lib/x86_64-linux-gnu/libxcb.so.1.1.0
7f57e91d5000-7f57e91d6000 r--p 00026000 08:03 4595342                    /usr/lib/x86_64-linux-gnu/libxcb.so.1.1.0
7f57e91d6000-7f57e91d7000 rw-p 00027000 08:03 4595342                    /usr/lib/x86_64-linux-gnu/libxcb.so.1.1.0
7f57e91d7000-7f57e91d9000 r-xp 00000000 08:03 4595869                    /usr/lib/x86_64-linux-gnu/libxcb-shm.so.0.0.0
7f57e91d9000-7f57e93d9000 ---p 00002000 08:03 4595869                    /usr/lib/x86_64-linux-gnu/libxcb-shm.so.0.0.0
7f57e93d9000-7f57e93da000 r--p 00002000 08:03 4595869                    /usr/lib/x86_64-linux-gnu/libxcb-shm.so.0.0.0
7f57e93da000-7f57e93db000 rw-p 00003000 08:03 4595869                    /usr/lib/x86_64-linux-gnu/libxcb-shm.so.0.0.0
7f57e93db000-7f57e9479000 r-xp 00000000 08:03 4595864                    /usr/lib/x86_64-linux-gnu/libpixman-1.so.0.34.0
7f57e9479000-7f57e9679000 ---p 0009e000 08:03 4595864                    /usr/lib/x86_64-linux-gnu/libpixman-1.so.0.34.0
7f57e9679000-7f57e9681000 r--p 0009e000 08:03 4595864                    /usr/lib/x86_64-linux-gnu/libpixman-1.so.0.34.0
7f57e9681000-7f57e9682000 rw-p 000a6000 08:03 4595864                    /usr/lib/x86_64-linux-gnu/libpixman-1.so.0.34.0
7f57e9682000-7f57e96b3000 r-xp 00000000 08:03 4595331                    /usr/lib/x86_64-linux-gnu/libpng16.so.16.28.0
7f57e96b3000-7f57e98b3000 ---p 00031000 08:03 4595331                    /usr/lib/x86_64-linux-gnu/libpng16.so.16.28.0
7f57e98b3000-7f57e98b4000 r--p 00031000 08:03 4595331                    /usr/lib/x86_64-linux-gnu/libpng16.so.16.28.0
7f57e98b4000-7f57e98b5000 rw-p 00032000 08:03 4595331                    /usr/lib/x86_64-linux-gnu/libpng16.so.16.28.0
7f57e98b5000-7f57e9948000 r-xp 00000000 08:03 4595903                    /usr/lib/x86_64-linux-gnu/libharfbuzz.so.0.10400.2
7f57e9948000-7f57e9b47000 ---p 00093000 08:03 4595903                    /usr/lib/x86_64-linux-gnu/libharfbuzz.so.0.10400.2
7f57e9b47000-7f57e9b49000 r--p 00092000 08:03 4595903                    /usr/lib/x86_64-linux-gnu/libharfbuzz.so.0.10400.2
7f57e9b49000-7f57e9b4a000 rw-p 00094000 08:03 4595903                    /usr/lib/x86_64-linux-gnu/libharfbuzz.so.0.10400.2
7f57e9b4a000-7f57e9b94000 r-xp 00000000 08:03 4718679                    /lib/x86_64-linux-gnu/libmount.so.1.1.0
7f57e9b94000-7f57e9d94000 ---p 0004a000 08:03 4718679                    /lib/x86_64-linux-gnu/libmount.so.1.1.0
7f57e9d94000-7f57e9d95000 r--p 0004a000 08:03 4718679                    /lib/x86_64-linux-gnu/libmount.so.1.1.0
7f57e9d95000-7f57e9d96000 rw-p 0004b000 08:03 4718679                    /lib/x86_64-linux-gnu/libmount.so.1.1.0
7f57e9d96000-7f57e9d98000 rw-p 00000000 00:00 0 
7f57e9d98000-7f57e9dac000 r-xp 00000000 08:03 4718616                    /lib/x86_64-linux-gnu/libresolv-2.24.so
7f57e9dac000-7f57e9fab000 ---p 00014000 08:03 4718616                    /lib/x86_64-linux-gnu/libresolv-2.24.so
7f57e9fab000-7f57e9fac000 r--p 00013000 08:03 4718616                    /lib/x86_64-linux-gnu/libresolv-2.24.so
7f57e9fac000-7f57e9fad000 rw-p 00014000 08:03 4718616                    /lib/x86_64-linux-gnu/libresolv-2.24.so
7f57e9fad000-7f57e9faf000 rw-p 00000000 00:00 0 
7f57e9faf000-7f57e9fd4000 r-xp 00000000 08:03 4718681                    /lib/x86_64-linux-gnu/libselinux.so.1
7f57e9fd4000-7f57ea1d3000 ---p 00025000 08:03 4718681                    /lib/x86_64-linux-gnu/libselinux.so.1
7f57ea1d3000-7f57ea1d4000 r--p 00024000 08:03 4718681                    /lib/x86_64-linux-gnu/libselinux.so.1
7f57ea1d4000-7f57ea1d5000 rw-p 00025000 08:03 4718681                    /lib/x86_64-linux-gnu/libselinux.so.1
7f57ea1d5000-7f57ea1d7000 rw-p 00000000 00:00 0 
7f57ea1d7000-7f57ea1f0000 r-xp 00000000 08:03 4718682                    /lib/x86_64-linux-gnu/libz.so.1.2.8
7f57ea1f0000-7f57ea3ef000 ---p 00019000 08:03 4718682                    /lib/x86_64-linux-gnu/libz.so.1.2.8
7f57ea3ef000-7f57ea3f0000 r--p 00018000 08:03 4718682                    /lib/x86_64-linux-gnu/libz.so.1.2.8
7f57ea3f0000-7f57ea3f1000 rw-p 00019000 08:03 4718682                    /lib/x86_64-linux-gnu/libz.so.1.2.8
7f57ea3f1000-7f57ea402000 r-xp 00000000 08:03 4595349                    /usr/lib/x86_64-linux-gnu/libXext.so.6.4.0
7f57ea402000-7f57ea601000 ---p 00011000 08:03 4595349                    /usr/lib/x86_64-linux-gnu/libXext.so.6.4.0
7f57ea601000-7f57ea602000 r--p 00010000 08:03 4595349                    /usr/lib/x86_64-linux-gnu/libXext.so.6.4.0
7f57ea602000-7f57ea603000 rw-p 00011000 08:03 4595349                    /usr/lib/x86_64-linux-gnu/libXext.so.6.4.0
7f57ea603000-7f57ea60d000 r-xp 00000000 08:03 4597733                    /usr/lib/x86_64-linux-gnu/libXcursor.so.1.0.2
7f57ea60d000-7f57ea80c000 ---p 0000a000 08:03 4597733                    /usr/lib/x86_64-linux-gnu/libXcursor.so.1.0.2
7f57ea80c000-7f57ea80d000 r--p 00009000 08:03 4597733                    /usr/lib/x86_64-linux-gnu/libXcursor.so.1.0.2
7f57ea80d000-7f57ea80e000 rw-p 0000a000 08:03 4597733                    /usr/lib/x86_64-linux-gnu/libXcursor.so.1.0.2
7f57ea80e000-7f57ea818000 r-xp 00000000 08:03 4595355                    /usr/lib/x86_64-linux-gnu/libXrandr.so.2.2.0
7f57ea818000-7f57eaa17000 ---p 0000a000 08:03 4595355                    /usr/lib/x86_64-linux-gnu/libXrandr.so.2.2.0
7f57eaa17000-7f57eaa18000 r--p 00009000 08:03 4595355                    /usr/lib/x86_64-linux-gnu/libXrandr.so.2.2.0
7f57eaa18000-7f57eaa19000 rw-p 0000a000 08:03 4595355                    /usr/lib/x86_64-linux-gnu/libXrandr.so.2.2.0
7f57eaa19000-7f57eaa28000 r-xp 00000000 08:03 4597735                    /usr/lib/x86_64-linux-gnu/libXi.so.6.1.0
7f57eaa28000-7f57eac27000 ---p 0000f000 08:03 4597735                    /usr/lib/x86_64-linux-gnu/libXi.so.6.1.0
7f57eac27000-7f57eac28000 r--p 0000e000 08:03 4597735                    /usr/lib/x86_64-linux-gnu/libXi.so.6.1.0
7f57eac28000-7f57eac29000 rw-p 0000f000 08:03 4597735                    /usr/lib/x86_64-linux-gnu/libXi.so.6.1.0
7f57eac29000-7f57eac2b000 r-xp 00000000 08:03 4595351                    /usr/lib/x86_64-linux-gnu/libXinerama.so.1.0.0
7f57eac2b000-7f57eae2a000 ---p 00002000 08:03 4595351                    /usr/lib/x86_64-linux-gnu/libXinerama.so.1.0.0
7f57eae2a000-7f57eae2b000 r--p 00001000 08:03 4595351                    /usr/lib/x86_64-linux-gnu/libXinerama.so.1.0.0
7f57eae2b000-7f57eae2c000 rw-p 00002000 08:03 4595351                    /usr/lib/x86_64-linux-gnu/libXinerama.so.1.0.0
7f57eae2c000-7f57eae35000 r-xp 00000000 08:03 4595353                    /usr/lib/x86_64-linux-gnu/libXrender.so.1.3.0
7f57eae35000-7f57eb034000 ---p 00009000 08:03 4595353                    /usr/lib/x86_64-linux-gnu/libXrender.so.1.3.0
7f57eb034000-7f57eb035000 r--p 00008000 08:03 4595353                    /usr/lib/x86_64-linux-gnu/libXrender.so.1.3.0
7f57eb035000-7f57eb036000 rw-p 00009000 08:03 4595353                    /usr/lib/x86_64-linux-gnu/libXrender.so.1.3.0
7f57eb036000-7f57eb03b000 r-xp 00000000 08:03 4596444                    /usr/lib/x86_64-linux-gnu/libXfixes.so.3.1.0
7f57eb03b000-7f57eb23a000 ---p 00005000 08:03 4596444                    /usr/lib/x86_64-linux-gnu/libXfixes.so.3.1.0
7f57eb23a000-7f57eb23b000 r--p 00004000 08:03 4596444                    /usr/lib/x86_64-linux-gnu/libXfixes.so.3.1.0
7f57eb23b000-7f57eb23c000 rw-p 00005000 08:03 4596444                    /usr/lib/x86_64-linux-gnu/libXfixes.so.3.1.0
7f57eb23c000-7f57eb23e000 r-xp 00000000 08:03 4596446                    /usr/lib/x86_64-linux-gnu/libXdamage.so.1.1.0
7f57eb23e000-7f57eb43d000 ---p 00002000 08:03 4596446                    /usr/lib/x86_64-linux-gnu/libXdamage.so.1.1.0
7f57eb43d000-7f57eb43e000 r--p 00001000 08:03 4596446                    /usr/lib/x86_64-linux-gnu/libXdamage.so.1.1.0
7f57eb43e000-7f57eb43f000 rw-p 00002000 08:03 4596446                    /usr/lib/x86_64-linux-gnu/libXdamage.so.1.1.0
7f57eb43f000-7f57eb441000 r-xp 00000000 08:03 4597731                    /usr/lib/x86_64-linux-gnu/libXcomposite.so.1.0.0
7f57eb441000-7f57eb640000 ---p 00002000 08:03 4597731                    /usr/lib/x86_64-linux-gnu/libXcomposite.so.1.0.0
7f57eb640000-7f57eb641000 r--p 00001000 08:03 4597731                    /usr/lib/x86_64-linux-gnu/libXcomposite.so.1.0.0
7f57eb641000-7f57eb642000 rw-p 00002000 08:03 4597731                    /usr/lib/x86_64-linux-gnu/libXcomposite.so.1.0.0
7f57eb642000-7f57eb6b0000 r-xp 00000000 08:03 4596450                    /usr/lib/x86_64-linux-gnu/libGL.so.1.2.0
7f57eb6b0000-7f57eb8af000 ---p 0006e000 08:03 4596450                    /usr/lib/x86_64-linux-gnu/libGL.so.1.2.0
7f57eb8af000-7f57eb8b2000 r--p 0006d000 08:03 4596450                    /usr/lib/x86_64-linux-gnu/libGL.so.1.2.0
7f57eb8b2000-7f57eb8b3000 rw-p 00070000 08:03 4596450                    /usr/lib/x86_64-linux-gnu/libGL.so.1.2.0
7f57eb8b3000-7f57eb8b4000 rw-p 00000000 00:00 0 
7f57eb8b4000-7f57eb8b9000 r-xp 00000000 08:03 4595364                    /usr/lib/x86_64-linux-gnu/libXxf86vm.so.1.0.0
7f57eb8b9000-7f57ebab8000 ---p 00005000 08:03 4595364                    /usr/lib/x86_64-linux-gnu/libXxf86vm.so.1.0.0
7f57ebab8000-7f57ebab9000 r--p 00004000 08:03 4595364                    /usr/lib/x86_64-linux-gnu/libXxf86vm.so.1.0.0
7f57ebab9000-7f57ebaba000 rw-p 00005000 08:03 4595364                    /usr/lib/x86_64-linux-gnu/libXxf86vm.so.1.0.0
7f57ebaba000-7f57ebbf4000 r-xp 00000000 08:03 4595346                    /usr/lib/x86_64-linux-gnu/libX11.so.6.3.0
7f57ebbf4000-7f57ebdf4000 ---p 0013a000 08:03 4595346                    /usr/lib/x86_64-linux-gnu/libX11.so.6.3.0
7f57ebdf4000-7f57ebdf5000 r--p 0013a000 08:03 4595346                    /usr/lib/x86_64-linux-gnu/libX11.so.6.3.0
7f57ebdf5000-7f57ebdfa000 rw-p 0013b000 08:03 4595346                    /usr/lib/x86_64-linux-gnu/libX11.so.6.3.0
7f57ebdfa000-7f57ebdff000 r-xp 00000000 08:03 4597982                    /usr/lib/x86_64-linux-gnu/libXtst.so.6.1.0
7f57ebdff000-7f57ebffe000 ---p 00005000 08:03 4597982                    /usr/lib/x86_64-linux-gnu/libXtst.so.6.1.0
7f57ebffe000-7f57ebfff000 r--p 00004000 08:03 4597982                    /usr/lib/x86_64-linux-gnu/libXtst.so.6.1.0
7f57ebfff000-7f57ec000000 rw-p 00005000 08:03 4597982                    /usr/lib/x86_64-linux-gnu/libXtst.so.6.1.0
7f57ec000000-7f57ec021000 rw-p 00000000 00:00 0 
7f57ec021000-7f57f0000000 ---p 00000000 00:00 0 
7f57f0000000-7f57f08af000 rw-p 00000000 00:00 0 
7f57f08af000-7f57f4000000 ---p 00000000 00:00 0 
7f57f4000000-7f57f4420000 rw-p 00000000 00:00 0 
7f57f4420000-7f57f8000000 ---p 00000000 00:00 0 
7f57f8000000-7f57f8021000 rw-p 00000000 00:00 0 
7f57f8021000-7f57fc000000 ---p 00000000 00:00 0 
7f57fc000000-7f57fc021000 rw-p 00000000 00:00 0 
7f57fc021000-7f5800000000 ---p 00000000 00:00 0 
7f5800000000-7f580038d000 rw-p 00000000 00:00 0 
7f580038d000-7f5804000000 ---p 00000000 00:00 0 
7f5804000000-7f5804021000 rw-p 00000000 00:00 0 
7f5804021000-7f5808000000 ---p 00000000 00:00 0 
7f5808000000-7f5808021000 rw-p 00000000 00:00 0 
7f5808021000-7f580c000000 ---p 00000000 00:00 0 
7f580c000000-7f580c021000 rw-p 00000000 00:00 0 
7f580c021000-7f5810000000 ---p 00000000 00:00 0 
7f5810000000-7f5810021000 rw-p 00000000 00:00 0 
7f5810021000-7f5814000000 ---p 00000000 00:00 0 
7f5814000000-7f5814021000 rw-p 00000000 00:00 0 
7f5814021000-7f5818000000 ---p 00000000 00:00 0 
7f5818007000-7f5818008000 rw-s 122937000 00:06 10929                     /dev/dri/card0
7f5818008000-7f5818009000 rw-s 122934000 00:06 10929                     /dev/dri/card0
7f5818009000-7f581800a000 rw-s 122a49000 00:06 10929                     /dev/dri/card0
7f581800a000-7f5818046000 r--p 00000000 08:03 4072195                    /home/aggrey/jdk-8u191-linux-x64(1)/jdk1.8.0_191/jre/lib/fonts/LucidaTypewriterRegular.ttf
7f5818046000-7f5818059000 r--p 00000000 08:03 4072197                    /home/aggrey/jdk-8u191-linux-x64(1)/jdk1.8.0_191/jre/lib/fonts/LucidaBrightDemiBold.ttf
7f5818059000-7f5818093000 r--p 00000000 08:03 4072196                    /home/aggrey/jdk-8u191-linux-x64(1)/jdk1.8.0_191/jre/lib/fonts/LucidaTypewriterBold.ttf
7f5818093000-7f5818098000 r--s 00084000 08:03 4072177                    /home/aggrey/jdk-8u191-linux-x64(1)/jdk1.8.0_191/jre/lib/jfr.jar
7f5818098000-7f581809f000 r--s 00000000 08:03 4466997                    /var/cache/fontconfig/4be9850f182b35c1350b6bbf2e42601c-le64.cache-4
7f581809f000-7f58180aa000 r--s 00000000 08:03 4458585                    /var/cache/fontconfig/945677eb7aeaf62f1d50efc3fb3ec7d8-le64.cache-4
7f58180aa000-7f58180ab000 r--s 00000000 08:03 4462950                    /var/cache/fontconfig/4794a0821666d79190d59a36cb4f44b5-le64.cache-4
7f58180ab000-7f58180d4000 r--s 00000000 08:03 4468423                    /var/cache/fontconfig/0bd3dc0958fa2205aaaa8ebb13e2872b-le64.cache-4
7f58180d4000-7f58180da000 r--s 00000000 08:03 4462890                    /var/cache/fontconfig/3047814df9a2f067bd2d96a2b9c36e5a-le64.cache-4
7f58180da000-7f58180dc000 r--s 00000000 08:03 4468420                    /var/cache/fontconfig/a0107c79d978dfcc5e42cb1335b71036-le64.cache-4
7f58180dc000-7f58180ef000 r--s 00000000 08:03 4466056                    /var/cache/fontconfig/d52a8644073d54c13679302ca1180695-le64.cache-4
7f58180ef000-7f58180fb000 r--s 00000000 08:03 4462790                    /var/cache/fontconfig/d589a48862398ed80a3d6066f4f56f4c-le64.cache-4
7f58180fb000-7f581820d000 r-xp 00000000 08:03 4723257                    /lib/x86_64-linux-gnu/libglib-2.0.so.0.5000.3
7f581820d000-7f581840c000 ---p 00112000 08:03 4723257                    /lib/x86_64-linux-gnu/libglib-2.0.so.0.5000.3
7f581840c000-7f581840d000 r--p 00111000 08:03 4723257                    /lib/x86_64-linux-gnu/libglib-2.0.so.0.5000.3
7f581840d000-7f581840e000 rw-p 00112000 08:03 4723257                    /lib/x86_64-linux-gnu/libglib-2.0.so.0.5000.3
7f581840e000-7f581840f000 rw-p 00000000 00:00 0 
7f581840f000-7f5818410000 r-xp 00000000 08:03 4595681                    /usr/lib/x86_64-linux-gnu/libgthread-2.0.so.0.5000.3
7f5818410000-7f581860f000 ---p 00001000 08:03 4595681                    /usr/lib/x86_64-linux-gnu/libgthread-2.0.so.0.5000.3
7f581860f000-7f5818610000 r--p 00000000 08:03 4595681                    /usr/lib/x86_64-linux-gnu/libgthread-2.0.so.0.5000.3
7f5818610000-7f5818611000 rw-p 00001000 08:03 4595681                    /usr/lib/x86_64-linux-gnu/libgthread-2.0.so.0.5000.3
7f5818611000-7f5818614000 r-xp 00000000 08:03 4595679                    /usr/lib/x86_64-linux-gnu/libgmodule-2.0.so.0.5000.3
7f5818614000-7f5818813000 ---p 00003000 08:03 4595679                    /usr/lib/x86_64-linux-gnu/libgmodule-2.0.so.0.5000.3
7f5818813000-7f5818814000 r--p 00002000 08:03 4595679                    /usr/lib/x86_64-linux-gnu/libgmodule-2.0.so.0.5000.3
7f5818814000-7f5818815000 rw-p 00003000 08:03 4595679                    /usr/lib/x86_64-linux-gnu/libgmodule-2.0.so.0.5000.3
7f5818815000-7f5818867000 r-xp 00000000 08:03 4595680                    /usr/lib/x86_64-linux-gnu/libgobject-2.0.so.0.5000.3
7f5818867000-7f5818a66000 ---p 00052000 08:03 4595680                    /usr/lib/x86_64-linux-gnu/libgobject-2.0.so.0.5000.3
7f5818a66000-7f5818a67000 r--p 00051000 08:03 4595680                    /usr/lib/x86_64-linux-gnu/libgobject-2.0.so.0.5000.3
7f5818a67000-7f5818a68000 rw-p 00052000 08:03 4595680                    /usr/lib/x86_64-linux-gnu/libgobject-2.0.so.0.5000.3
7f5818a68000-7f5818aa4000 r-xp 00000000 08:03 4595862                    /usr/lib/x86_64-linux-gnu/libfontconfig.so.1.8.0
7f5818aa4000-7f5818ca3000 ---p 0003c000 08:03 4595862                    /usr/lib/x86_64-linux-gnu/libfontconfig.so.1.8.0
7f5818ca3000-7f5818ca5000 r--p 0003b000 08:03 4595862                    /usr/lib/x86_64-linux-gnu/libfontconfig.so.1.8.0
7f5818ca5000-7f5818ca6000 rw-p 0003d000 08:03 4595862                    /usr/lib/x86_64-linux-gnu/libfontconfig.so.1.8.0
7f5818ca6000-7f5818d4e000 r-xp 00000000 08:03 4595858                    /usr/lib/x86_64-linux-gnu/libfreetype.so.6.12.3
7f5818d4e000-7f5818f4e000 ---p 000a8000 08:03 4595858                    /usr/lib/x86_64-linux-gnu/libfreetype.so.6.12.3
7f5818f4e000-7f5818f54000 r--p 000a8000 08:03 4595858                    /usr/lib/x86_64-linux-gnu/libfreetype.so.6.12.3
7f5818f54000-7f5818f55000 rw-p 000ae000 08:03 4595858                    /usr/lib/x86_64-linux-gnu/libfreetype.so.6.12.3
7f5818f55000-7f5818f9e000 r-xp 00000000 08:03 4595897                    /usr/lib/x86_64-linux-gnu/libpango-1.0.so.0.4000.5
7f5818f9e000-7f581919d000 ---p 00049000 08:03 4595897                    /usr/lib/x86_64-linux-gnu/libpango-1.0.so.0.4000.5
7f581919d000-7f58191a0000 r--p 00048000 08:03 4595897                    /usr/lib/x86_64-linux-gnu/libpango-1.0.so.0.4000.5
7f58191a0000-7f58191a1000 rw-p 0004b000 08:03 4595897                    /usr/lib/x86_64-linux-gnu/libpango-1.0.so.0.4000.5
7f58191a1000-7f58192af000 r-xp 00000000 08:03 4595871                    /usr/lib/x86_64-linux-gnu/libcairo.so.2.11400.8
7f58192af000-7f58194af000 ---p 0010e000 08:03 4595871                    /usr/lib/x86_64-linux-gnu/libcairo.so.2.11400.8
7f58194af000-7f58194b2000 r--p 0010e000 08:03 4595871                    /usr/lib/x86_64-linux-gnu/libcairo.so.2.11400.8
7f58194b2000-7f58194b3000 rw-p 00111000 08:03 4595871                    /usr/lib/x86_64-linux-gnu/libcairo.so.2.11400.8
7f58194b3000-7f58194b5000 rw-p 00000000 00:00 0 
7f58194b5000-7f58194c1000 r-xp 00000000 08:03 4595907                    /usr/lib/x86_64-linux-gnu/libpangocairo-1.0.so.0.4000.5
7f58194c1000-7f58196c0000 ---p 0000c000 08:03 4595907                    /usr/lib/x86_64-linux-gnu/libpangocairo-1.0.so.0.4000.5
7f58196c0000-7f58196c1000 r--p 0000b000 08:03 4595907                    /usr/lib/x86_64-linux-gnu/libpangocairo-1.0.so.0.4000.5
7f58196c1000-7f58196c2000 rw-p 0000c000 08:03 4595907                    /usr/lib/x86_64-linux-gnu/libpangocairo-1.0.so.0.4000.5
7f58196c2000-7f58196e4000 r-xp 00000000 08:03 4595854                    /usr/lib/x86_64-linux-gnu/libgdk_pixbuf-2.0.so.0.3600.5
7f58196e4000-7f58198e4000 ---p 00022000 08:03 4595854                    /usr/lib/x86_64-linux-gnu/libgdk_pixbuf-2.0.so.0.3600.5
7f58198e4000-7f58198e5000 r--p 00022000 08:03 4595854                    /usr/lib/x86_64-linux-gnu/libgdk_pixbuf-2.0.so.0.3600.5
7f58198e5000-7f58198e6000 rw-p 00023000 08:03 4595854                    /usr/lib/x86_64-linux-gnu/libgdk_pixbuf-2.0.so.0.3600.5
7f58198e6000-7f58198fa000 r-xp 00000000 08:03 4595905                    /usr/lib/x86_64-linux-gnu/libpangoft2-1.0.so.0.4000.5
7f58198fa000-7f5819afa000 ---p 00014000 08:03 4595905                    /usr/lib/x86_64-linux-gnu/libpangoft2-1.0.so.0.4000.5
7f5819afa000-7f5819afb000 r--p 00014000 08:03 4595905                    /usr/lib/x86_64-linux-gnu/libpangoft2-1.0.so.0.4000.5
7f5819afb000-7f5819afc000 rw-p 00015000 08:03 4595905                    /usr/lib/x86_64-linux-gnu/libpangoft2-1.0.so.0.4000.5
7f5819afc000-7f5819c89000 r-xp 00000000 08:03 4595678                    /usr/lib/x86_64-linux-gnu/libgio-2.0.so.0.5000.3
7f5819c89000-7f5819e89000 ---p 0018d000 08:03 4595678                    /usr/lib/x86_64-linux-gnu/libgio-2.0.so.0.5000.3
7f5819e89000-7f5819e8e000 r--p 0018d000 08:03 4595678                    /usr/lib/x86_64-linux-gnu/libgio-2.0.so.0.5000.3
7f5819e8e000-7f5819e91000 rw-p 00192000 08:03 4595678                    /usr/lib/x86_64-linux-gnu/libgio-2.0.so.0.5000.3
7f5819e91000-7f5819e92000 rw-p 00000000 00:00 0 
7f5819e92000-7f5819eb5000 r-xp 00000000 08:03 4596715                    /usr/lib/x86_64-linux-gnu/libatk-1.0.so.0.22209.1
7f5819eb5000-7f581a0b4000 ---p 00023000 08:03 4596715                    /usr/lib/x86_64-linux-gnu/libatk-1.0.so.0.22209.1
7f581a0b4000-7f581a0b7000 r--p 00022000 08:03 4596715                    /usr/lib/x86_64-linux-gnu/libatk-1.0.so.0.22209.1
7f581a0b7000-7f581a0b8000 rw-p 00025000 08:03 4596715                    /usr/lib/x86_64-linux-gnu/libatk-1.0.so.0.22209.1
7f581a0b8000-7f581a168000 r-xp 00000000 08:03 4598141                    /usr/lib/x86_64-linux-gnu/libgdk-x11-2.0.so.0.2400.31
7f581a168000-7f581a367000 ---p 000b0000 08:03 4598141                    /usr/lib/x86_64-linux-gnu/libgdk-x11-2.0.so.0.2400.31
7f581a367000-7f581a36b000 r--p 000af000 08:03 4598141                    /usr/lib/x86_64-linux-gnu/libgdk-x11-2.0.so.0.2400.31
7f581a36b000-7f581a36d000 rw-p 000b3000 08:03 4598141                    /usr/lib/x86_64-linux-gnu/libgdk-x11-2.0.so.0.2400.31
7f581a36d000-7f581a7a9000 r-xp 00000000 08:03 4598142                    /usr/lib/x86_64-linux-gnu/libgtk-x11-2.0.so.0.2400.31
7f581a7a9000-7f581a9a8000 ---p 0043c000 08:03 4598142                    /usr/lib/x86_64-linux-gnu/libgtk-x11-2.0.so.0.2400.31
7f581a9a8000-7f581a9af000 r--p 0043b000 08:03 4598142                    /usr/lib/x86_64-linux-gnu/libgtk-x11-2.0.so.0.2400.31
7f581a9af000-7f581a9b3000 rw-p 00442000 08:03 4598142                    /usr/lib/x86_64-linux-gnu/libgtk-x11-2.0.so.0.2400.31
7f581a9b3000-7f581a9b6000 rw-p 00000000 00:00 0 
7f581a9b6000-7f581a9ba000 r--s 00000000 08:03 4457453                    /var/cache/fontconfig/246184dc75a16901ca37d96895904249-le64.cache-4
7f581a9ba000-7f581a9c1000 r--s 00000000 08:03 4462655                    /var/cache/fontconfig/53d14c92082a93e67d5078324eb314ca-le64.cache-4
7f581a9c1000-7f581a9c9000 r--s 00000000 08:03 4465933                    /var/cache/fontconfig/5df9eba3d3f2d3afe4369d5c874815ce-le64.cache-4
7f581a9c9000-7f581a9ce000 r--s 000a0000 08:03 4072317                    /home/aggrey/jdk-8u191-linux-x64(1)/jdk1.8.0_191/jre/lib/jsse.jar
7f581a9ce000-7f581a9da000 rw-s 121b6b000 00:06 10929                     /dev/dri/card0
7f581a9da000-7f581a9e6000 r-xp 00000000 08:03 4072481                    /home/aggrey/jdk-8u191-linux-x64(1)/jdk1.8.0_191/jre/lib/amd64/libprism_es2.so
7f581a9e6000-7f581abe5000 ---p 0000c000 08:03 4072481                    /home/aggrey/jdk-8u191-linux-x64(1)/jdk1.8.0_191/jre/lib/amd64/libprism_es2.so
7f581abe5000-7f581abe6000 r--p 0000b000 08:03 4072481                    /home/aggrey/jdk-8u191-linux-x64(1)/jdk1.8.0_191/jre/lib/amd64/libprism_es2.so
7f581abe6000-7f581abe7000 rw-p 0000c000 08:03 4072481                    /home/aggrey/jdk-8u191-linux-x64(1)/jdk1.8.0_191/jre/lib/amd64/libprism_es2.so
7f581abe7000-7f581abea000 ---p 00000000 00:00 0 
7f581abea000-7f581ace8000 rw-p 00000000 00:00 0 
7f581ace8000-7f581ad7e000 r--s 0110e000 08:03 4072322                    /home/aggrey/jdk-8u191-linux-x64(1)/jdk1.8.0_191/jre/lib/ext/jfxrt.jar
7f581ad7e000-7f581ad90000 r--s 00117000 08:03 3933745                    /home/aggrey/Documents/controlsfx-8.40.14.jar
7f581ad90000-7f581ad91000 ---p 00000000 00:00 0 
7f581ad91000-7f581ae91000 rw-p 00000000 00:00 0 
7f581ae91000-7f581ae94000 ---p 00000000 00:00 0 
7f581ae94000-7f581af92000 rw-p 00000000 00:00 0 
7f581af92000-7f581af95000 ---p 00000000 00:00 0 
7f581af95000-7f581b093000 rw-p 00000000 00:00 0 
7f581b093000-7f581b096000 ---p 00000000 00:00 0 
7f581b096000-7f581b194000 rw-p 00000000 00:00 0 
7f581b194000-7f581b197000 ---p 00000000 00:00 0 
7f581b197000-7f581b295000 rw-p 00000000 00:00 0 
7f581b295000-7f581b430000 r--p 00000000 08:03 4588763                    /usr/lib/locale/locale-archive
7f581b430000-7f581d000000 rw-p 00000000 00:00 0 
7f581d000000-7f581d6e0000 rwxp 00000000 00:00 0 
7f581d6e0000-7f582c000000 ---p 00000000 00:00 0 
7f582c000000-7f582c415000 rw-p 00000000 00:00 0 
7f582c415000-7f5830000000 ---p 00000000 00:00 0 
7f5830000000-7f5830003000 r--s 00000000 08:03 4462857                    /var/cache/fontconfig/e49e89034d371f0f9de17aab02136486-le64.cache-4
7f5830003000-7f5830006000 ---p 00000000 00:00 0 
7f5830006000-7f5830104000 rw-p 00000000 00:00 0 
7f5830104000-7f5830107000 ---p 00000000 00:00 0 
7f5830107000-7f5830205000 rw-p 00000000 00:00 0 
7f5830205000-7f5830206000 ---p 00000000 00:00 0 
7f5830206000-7f5830c72000 rw-p 00000000 00:00 0 
7f5830c72000-7f5830e4c000 r--s 03d6c000 08:03 4072260                    /home/aggrey/jdk-8u191-linux-x64(1)/jdk1.8.0_191/jre/lib/rt.jar
7f5830e4c000-7f5830ec2000 rw-p 00000000 00:00 0 
7f5830ec2000-7f583187f000 rw-p 00000000 00:00 0 
7f583187f000-7f5831880000 ---p 00000000 00:00 0 
7f5831880000-7f5831980000 rw-p 00000000 00:00 0 
7f5831980000-7f5831981000 ---p 00000000 00:00 0 
7f5831981000-7f5831a81000 rw-p 00000000 00:00 0 
7f5831a81000-7f5831a94000 rw-p 00000000 00:00 0 
7f5831a94000-7f5831baa000 ---p 00000000 00:00 0 
7f5831baa000-7f5831bbd000 rw-p 00000000 00:00 0 
7f5831bbd000-7f5831cd2000 ---p 00000000 00:00 0 
7f5831cd2000-7f5831ce4000 rw-p 00000000 00:00 0 
7f5831ce4000-7f5831d67000 ---p 00000000 00:00 0 
7f5831d67000-7f5831d84000 rw-p 00000000 00:00 0 
7f5831d84000-7f5832128000 ---p 00000000 00:00 0 
7f5832128000-7f5832142000 r-xp 00000000 08:03 4072473                    /home/aggrey/jdk-8u191-linux-x64(1)/jdk1.8.0_191/jre/lib/amd64/libzip.so
7f5832142000-7f5832342000 ---p 0001a000 08:03 4072473                    /home/aggrey/jdk-8u191-linux-x64(1)/jdk1.8.0_191/jre/lib/amd64/libzip.so
7f5832342000-7f5832343000 r--p 0001a000 08:03 4072473                    /home/aggrey/jdk-8u191-linux-x64(1)/jdk1.8.0_191/jre/lib/amd64/libzip.so
7f5832343000-7f5832344000 rw-p 0001b000 08:03 4072473                    /home/aggrey/jdk-8u191-linux-x64(1)/jdk1.8.0_191/jre/lib/amd64/libzip.so
7f5832344000-7f583234e000 r-xp 00000000 08:03 4718610                    /lib/x86_64-linux-gnu/libnss_files-2.24.so
7f583234e000-7f583254e000 ---p 0000a000 08:03 4718610                    /lib/x86_64-linux-gnu/libnss_files-2.24.so
7f583254e000-7f583254f000 r--p 0000a000 08:03 4718610                    /lib/x86_64-linux-gnu/libnss_files-2.24.so
7f583254f000-7f5832550000 rw-p 0000b000 08:03 4718610                    /lib/x86_64-linux-gnu/libnss_files-2.24.so
7f5832550000-7f5832556000 rw-p 00000000 00:00 0 
7f5832556000-7f5832561000 r-xp 00000000 08:03 4718612                    /lib/x86_64-linux-gnu/libnss_nis-2.24.so
7f5832561000-7f5832760000 ---p 0000b000 08:03 4718612                    /lib/x86_64-linux-gnu/libnss_nis-2.24.so
7f5832760000-7f5832761000 r--p 0000a000 08:03 4718612                    /lib/x86_64-linux-gnu/libnss_nis-2.24.so
7f5832761000-7f5832762000 rw-p 0000b000 08:03 4718612                    /lib/x86_64-linux-gnu/libnss_nis-2.24.so
7f5832762000-7f5832776000 r-xp 00000000 08:03 4718607                    /lib/x86_64-linux-gnu/libnsl-2.24.so
7f5832776000-7f5832976000 ---p 00014000 08:03 4718607                    /lib/x86_64-linux-gnu/libnsl-2.24.so
7f5832976000-7f5832977000 r--p 00014000 08:03 4718607                    /lib/x86_64-linux-gnu/libnsl-2.24.so
7f5832977000-7f5832978000 rw-p 00015000 08:03 4718607                    /lib/x86_64-linux-gnu/libnsl-2.24.so
7f5832978000-7f583297a000 rw-p 00000000 00:00 0 
7f583297a000-7f5832981000 r-xp 00000000 08:03 4718608                    /lib/x86_64-linux-gnu/libnss_compat-2.24.so
7f5832981000-7f5832b80000 ---p 00007000 08:03 4718608                    /lib/x86_64-linux-gnu/libnss_compat-2.24.so
7f5832b80000-7f5832b81000 r--p 00006000 08:03 4718608                    /lib/x86_64-linux-gnu/libnss_compat-2.24.so
7f5832b81000-7f5832b82000 rw-p 00007000 08:03 4718608                    /lib/x86_64-linux-gnu/libnss_compat-2.24.so
7f5832b82000-7f5832baf000 r-xp 00000000 08:03 4072467                    /home/aggrey/jdk-8u191-linux-x64(1)/jdk1.8.0_191/jre/lib/amd64/libjava.so
7f5832baf000-7f5832dae000 ---p 0002d000 08:03 4072467                    /home/aggrey/jdk-8u191-linux-x64(1)/jdk1.8.0_191/jre/lib/amd64/libjava.so
7f5832dae000-7f5832daf000 r--p 0002c000 08:03 4072467                    /home/aggrey/jdk-8u191-linux-x64(1)/jdk1.8.0_191/jre/lib/amd64/libjava.so
7f5832daf000-7f5832db1000 rw-p 0002d000 08:03 4072467                    /home/aggrey/jdk-8u191-linux-x64(1)/jdk1.8.0_191/jre/lib/amd64/libjava.so
7f5832db1000-7f5832dbe000 r-xp 00000000 08:03 4072472                    /home/aggrey/jdk-8u191-linux-x64(1)/jdk1.8.0_191/jre/lib/amd64/libverify.so
7f5832dbe000-7f5832fbd000 ---p 0000d000 08:03 4072472                    /home/aggrey/jdk-8u191-linux-x64(1)/jdk1.8.0_191/jre/lib/amd64/libverify.so
7f5832fbd000-7f5832fbf000 r--p 0000c000 08:03 4072472                    /home/aggrey/jdk-8u191-linux-x64(1)/jdk1.8.0_191/jre/lib/amd64/libverify.so
7f5832fbf000-7f5832fc0000 rw-p 0000e000 08:03 4072472                    /home/aggrey/jdk-8u191-linux-x64(1)/jdk1.8.0_191/jre/lib/amd64/libverify.so
7f5832fc0000-7f5832fc7000 r-xp 00000000 08:03 4718617                    /lib/x86_64-linux-gnu/librt-2.24.so
7f5832fc7000-7f58331c6000 ---p 00007000 08:03 4718617                    /lib/x86_64-linux-gnu/librt-2.24.so
7f58331c6000-7f58331c7000 r--p 00006000 08:03 4718617                    /lib/x86_64-linux-gnu/librt-2.24.so
7f58331c7000-7f58331c8000 rw-p 00007000 08:03 4718617                    /lib/x86_64-linux-gnu/librt-2.24.so
7f58331c8000-7f58332cb000 r-xp 00000000 08:03 4718604                    /lib/x86_64-linux-gnu/libm-2.24.so
7f58332cb000-7f58334ca000 ---p 00103000 08:03 4718604                    /lib/x86_64-linux-gnu/libm-2.24.so
7f58334ca000-7f58334cb000 r--p 00102000 08:03 4718604                    /lib/x86_64-linux-gnu/libm-2.24.so
7f58334cb000-7f58334cc000 rw-p 00103000 08:03 4718604                    /lib/x86_64-linux-gnu/libm-2.24.so
7f58334cc000-7f58341ae000 r-xp 00000000 08:03 4072449                    /home/aggrey/jdk-8u191-linux-x64(1)/jdk1.8.0_191/jre/lib/amd64/server/libjvm.so
7f58341ae000-7f58343ae000 ---p 00ce2000 08:03 4072449                    /home/aggrey/jdk-8u191-linux-x64(1)/jdk1.8.0_191/jre/lib/amd64/server/libjvm.so
7f58343ae000-7f5834444000 r--p 00ce2000 08:03 4072449                    /home/aggrey/jdk-8u191-linux-x64(1)/jdk1.8.0_191/jre/lib/amd64/server/libjvm.so
7f5834444000-7f5834475000 rw-p 00d78000 08:03 4072449                    /home/aggrey/jdk-8u191-linux-x64(1)/jdk1.8.0_191/jre/lib/amd64/server/libjvm.so
7f5834475000-7f58344b0000 rw-p 00000000 00:00 0 
7f58344b0000-7f5834645000 r-xp 00000000 08:03 4718600                    /lib/x86_64-linux-gnu/libc-2.24.so
7f5834645000-7f5834845000 ---p 00195000 08:03 4718600                    /lib/x86_64-linux-gnu/libc-2.24.so
7f5834845000-7f5834849000 r--p 00195000 08:03 4718600                    /lib/x86_64-linux-gnu/libc-2.24.so
7f5834849000-7f583484b000 rw-p 00199000 08:03 4718600                    /lib/x86_64-linux-gnu/libc-2.24.so
7f583484b000-7f583484f000 rw-p 00000000 00:00 0 
7f583484f000-7f5834852000 r-xp 00000000 08:03 4718603                    /lib/x86_64-linux-gnu/libdl-2.24.so
7f5834852000-7f5834a51000 ---p 00003000 08:03 4718603                    /lib/x86_64-linux-gnu/libdl-2.24.so
7f5834a51000-7f5834a52000 r--p 00002000 08:03 4718603                    /lib/x86_64-linux-gnu/libdl-2.24.so
7f5834a52000-7f5834a53000 rw-p 00003000 08:03 4718603                    /lib/x86_64-linux-gnu/libdl-2.24.so
7f5834a53000-7f5834a6a000 r-xp 00000000 08:03 4072124                    /home/aggrey/jdk-8u191-linux-x64(1)/jdk1.8.0_191/lib/amd64/jli/libjli.so
7f5834a6a000-7f5834c69000 ---p 00017000 08:03 4072124                    /home/aggrey/jdk-8u191-linux-x64(1)/jdk1.8.0_191/lib/amd64/jli/libjli.so
7f5834c69000-7f5834c6a000 r--p 00016000 08:03 4072124                    /home/aggrey/jdk-8u191-linux-x64(1)/jdk1.8.0_191/lib/amd64/jli/libjli.so
7f5834c6a000-7f5834c6b000 rw-p 00017000 08:03 4072124                    /home/aggrey/jdk-8u191-linux-x64(1)/jdk1.8.0_191/lib/amd64/jli/libjli.so
7f5834c6b000-7f5834c83000 r-xp 00000000 08:03 4718615                    /lib/x86_64-linux-gnu/libpthread-2.24.so
7f5834c83000-7f5834e82000 ---p 00018000 08:03 4718615                    /lib/x86_64-linux-gnu/libpthread-2.24.so
7f5834e82000-7f5834e83000 r--p 00017000 08:03 4718615                    /lib/x86_64-linux-gnu/libpthread-2.24.so
7f5834e83000-7f5834e84000 rw-p 00018000 08:03 4718615                    /lib/x86_64-linux-gnu/libpthread-2.24.so
7f5834e84000-7f5834e88000 rw-p 00000000 00:00 0 
7f5834e88000-7f5834eab000 r-xp 00000000 08:03 4718595                    /lib/x86_64-linux-gnu/ld-2.24.so
7f5834eab000-7f5834ead000 r--s 00000000 08:03 4462847                    /var/cache/fontconfig/4b14b093aebc79c320de5e86ae1d3314-le64.cache-4
7f5834ead000-7f5834eaf000 r--s 00000000 08:03 4457201                    /var/cache/fontconfig/62f91419b9ebdb6975e7e41ab6412357-le64.cache-4
7f5834eaf000-7f5834f81000 rw-p 00000000 00:00 0 
7f5834f81000-7f5834f84000 ---p 00000000 00:00 0 
7f5834f84000-7f5835084000 rw-p 00000000 00:00 0 
7f5835084000-7f5835085000 r--s 00000000 08:03 4462807                    /var/cache/fontconfig/3f7329c5293ffd510edef78f73874cfd-le64.cache-4
7f5835085000-7f5835088000 r--s 00000000 08:03 4459359                    /var/cache/fontconfig/e13b20fdb08344e0e664864cc2ede53d-le64.cache-4
7f5835088000-7f583508c000 r--s 00668000 08:03 3934188                    /home/aggrey/Documents/sqlite-jdbc-3.23.1.jar
7f583508c000-7f583509e000 rw-p 00000000 00:00 0 
7f583509e000-7f58350a6000 rw-s 00000000 08:03 5133891                    /tmp/hsperfdata_aggrey/5232
7f58350a6000-7f58350a7000 rw-p 00000000 00:00 0 
7f58350a7000-7f58350a8000 r--p 00000000 00:00 0 
7f58350a8000-7f58350ab000 rw-p 00000000 00:00 0 
7f58350ab000-7f58350ac000 r--p 00023000 08:03 4718595                    /lib/x86_64-linux-gnu/ld-2.24.so
7f58350ac000-7f58350ad000 rw-p 00024000 08:03 4718595                    /lib/x86_64-linux-gnu/ld-2.24.so
7f58350ad000-7f58350ae000 rw-p 00000000 00:00 0 
7ffdc9221000-7ffdc9242000 rw-p 00000000 00:00 0                          [stack]
7ffdc926a000-7ffdc926c000 r--p 00000000 00:00 0                          [vvar]
7ffdc926c000-7ffdc926e000 r-xp 00000000 00:00 0                          [vdso]
ffffffffff600000-ffffffffff601000 r-xp 00000000 00:00 0                  [vsyscall]

VM Arguments:
jvm_args: -Dfile.encoding=UTF-8 
java_command: oldstudent.mainPage
java_class_path (initial): /home/aggrey/Documents/controlsfx-8.40.14.jar:/home/aggrey/Documents/sqlite-jdbc-3.23.1.jar:/home/aggrey/NetBeansProjects/oldStudent/build/classes
Launcher Type: SUN_STANDARD

Environment Variables:
PATH=/usr/local/bin:/usr/bin:/bin:/usr/local/games:/usr/games
USERNAME=aggrey
LD_LIBRARY_PATH=/home/aggrey/jdk-8u191-linux-x64(1)/jdk1.8.0_191/jre/lib/amd64:/home/aggrey/jdk-8u191-linux-x64(1)/jdk1.8.0_191/jre/lib/i386:
SHELL=/bin/bash
DISPLAY=:0

Signal Handlers:
SIGSEGV: [libjvm.so+0xaced60], sa_mask[0]=11111111011111111101111111111110, sa_flags=SA_RESTART|SA_SIGINFO
SIGBUS: [libjvm.so+0xaced60], sa_mask[0]=11111111011111111101111111111110, sa_flags=SA_RESTART|SA_SIGINFO
SIGFPE: [libjvm.so+0x907ca0], sa_mask[0]=11111111011111111101111111111110, sa_flags=SA_RESTART|SA_SIGINFO
SIGPIPE: SIG_IGN, sa_mask[0]=00000000000010000000000000000000, sa_flags=SA_RESTART
SIGXFSZ: [libjvm.so+0x907ca0], sa_mask[0]=11111111011111111101111111111110, sa_flags=SA_RESTART|SA_SIGINFO
SIGILL: [libjvm.so+0x907ca0], sa_mask[0]=11111111011111111101111111111110, sa_flags=SA_RESTART|SA_SIGINFO
SIGUSR1: SIG_DFL, sa_mask[0]=00000000000000000000000000000000, sa_flags=none
SIGUSR2: [libjvm.so+0x907b70], sa_mask[0]=00100000000000000000000000000000, sa_flags=SA_RESTART|SA_SIGINFO
SIGHUP: [libjvm.so+0x908190], sa_mask[0]=11111111011111111101111111111110, sa_flags=SA_RESTART|SA_SIGINFO
SIGINT: SIG_IGN, sa_mask[0]=00000000000000000000000000000000, sa_flags=none
SIGTERM: [libjvm.so+0x908190], sa_mask[0]=11111111011111111101111111111110, sa_flags=SA_RESTART|SA_SIGINFO
SIGQUIT: [libjvm.so+0x908190], sa_mask[0]=11111111011111111101111111111110, sa_flags=SA_RESTART|SA_SIGINFO


---------------  S Y S T E M  ---------------

OS:PRETTY_NAME="Debian GNU/Linux 9 (stretch)"
NAME="Debian GNU/Linux"
VERSION_ID="9"
VERSION="9 (stretch)"
ID=debian
HOME_URL="https://www.debian.org/"
SUPPORT_URL="https://www.debian.org/support"
BUG_REPORT_URL="https://bugs.debian.org/"

uname:Linux 4.9.0-8-amd64 #1 SMP Debian 4.9.130-2 (2018-10-27) x86_64
libc:glibc 2.24 NPTL 2.24 
rlimit: STACK 8192k, CORE 0k, NPROC 14129, NOFILE 1048576, AS infinity
load average:1.07 1.09 1.03

/proc/meminfo:
MemTotal:        3639744 kB
MemFree:          122800 kB
MemAvailable:     909496 kB
Buffers:           74060 kB
Cached:           916220 kB
SwapCached:           56 kB
Active:          2772592 kB
Inactive:         539636 kB
Active(anon):    2226548 kB
Inactive(anon):   131116 kB
Active(file):     546044 kB
Inactive(file):   408520 kB
Unevictable:          32 kB
Mlocked:              32 kB
SwapTotal:       5175292 kB
SwapFree:        5175216 kB
Dirty:                48 kB
Writeback:             0 kB
AnonPages:       2321996 kB
Mapped:           390644 kB
Shmem:             35696 kB
Slab:             101700 kB
SReclaimable:      64476 kB
SUnreclaim:        37224 kB
KernelStack:        9456 kB
PageTables:        40704 kB
NFS_Unstable:          0 kB
Bounce:                0 kB
WritebackTmp:          0 kB
CommitLimit:     6995164 kB
Committed_AS:    6377800 kB
VmallocTotal:   34359738367 kB
VmallocUsed:           0 kB
VmallocChunk:          0 kB
HardwareCorrupted:     0 kB
AnonHugePages:         0 kB
ShmemHugePages:        0 kB
ShmemPmdMapped:        0 kB
HugePages_Total:       0
HugePages_Free:        0
HugePages_Rsvd:        0
HugePages_Surp:        0
Hugepagesize:       2048 kB
DirectMap4k:      146176 kB
DirectMap2M:     1533952 kB
DirectMap1G:     2097152 kB

container (cgroup) information:
container_type: cgroupv1
cpu_cpuset_cpus: 0-1
cpu_memory_nodes: 0
active_processor_count: 2
cpu_quota: -1
cpu_period: 100000
cpu_shares: -1
memory_limit_in_bytes: -1
memory_and_swap_limit_in_bytes: -2
memory_soft_limit_in_bytes: -1
memory_usage_in_bytes: 3392004096
memory_max_usage_in_bytes: 0


CPU:total 2 (initial active 2) (2 cores per cpu, 1 threads per core) family 20 model 2 stepping 0, cmov, cx8, fxsr, mmx, sse, sse2, sse3, ssse3, popcnt, mmxext, lzcnt, sse4a, tsc, tscinvbit, tscinv

/proc/cpuinfo:
processor	: 0
vendor_id	: AuthenticAMD
cpu family	: 20
model		: 2
model name	: AMD E-300 APU with Radeon(tm) HD Graphics
stepping	: 0
microcode	: 0x500010d
cpu MHz		: 1300.000
cache size	: 512 KB
physical id	: 0
siblings	: 2
core id		: 0
cpu cores	: 2
apicid		: 0
initial apicid	: 0
fpu		: yes
fpu_exception	: yes
cpuid level	: 6
wp		: yes
flags		: fpu vme de pse tsc msr pae mce cx8 apic sep mtrr pge mca cmov pat pse36 clflush mmx fxsr sse sse2 ht syscall nx mmxext fxsr_opt pdpe1gb rdtscp lm constant_tsc rep_good nopl nonstop_tsc extd_apicid aperfmperf pni monitor ssse3 cx16 popcnt lahf_lm cmp_legacy svm extapic cr8_legacy abm sse4a misalignsse 3dnowprefetch ibs skinit wdt hw_pstate vmmcall arat npt lbrv svm_lock nrip_save pausefilter
bugs		: fxsave_leak sysret_ss_attrs null_seg spectre_v1 spectre_v2 spec_store_bypass
bogomips	: 2595.15
TLB size	: 1024 4K pages
clflush size	: 64
cache_alignment	: 64
address sizes	: 36 bits physical, 48 bits virtual
power management: ts ttp tm stc 100mhzsteps hwpstate

processor	: 1
vendor_id	: AuthenticAMD
cpu family	: 20
model		: 2
model name	: AMD E-300 APU with Radeon(tm) HD Graphics
stepping	: 0
microcode	: 0x500010d
cpu MHz		: 1300.000
cache size	: 512 KB
physical id	: 0
siblings	: 2
core id		: 1
cpu cores	: 2
apicid		: 1
initial apicid	: 1
fpu		: yes
fpu_exception	: yes
cpuid level	: 6
wp		: yes
flags		: fpu vme de pse tsc msr pae mce cx8 apic sep mtrr pge mca cmov pat pse36 clflush mmx fxsr sse sse2 ht syscall nx mmxext fxsr_opt pdpe1gb rdtscp lm constant_tsc rep_good nopl nonstop_tsc extd_apicid aperfmperf pni monitor ssse3 cx16 popcnt lahf_lm cmp_legacy svm extapic cr8_legacy abm sse4a misalignsse 3dnowprefetch ibs skinit wdt hw_pstate vmmcall arat npt lbrv svm_lock nrip_save pausefilter
bugs		: fxsave_leak sysret_ss_attrs null_seg spectre_v1 spectre_v2 spec_store_bypass
bogomips	: 2595.15
TLB size	: 1024 4K pages
clflush size	: 64
cache_alignment	: 64
address sizes	: 36 bits physical, 48 bits virtual
power management: ts ttp tm stc 100mhzsteps hwpstate



Memory: 4k page, physical 3639744k(122900k free), swap 5175292k(5175216k free)

vm_info: Java HotSpot(TM) 64-Bit Server VM (25.191-b12) for linux-amd64 JRE (1.8.0_191-b12), built on Oct  6 2018 05:43:09 by "java_re" with gcc 7.3.0

time: Sat Dec 22 11:56:10 2018
elapsed time: 33 seconds (0d 0h 0m 33s)

